<?xml version="1.0" encoding="UTF-8"?>
<testsuite xmlns:xsi="http://www.w3.org/2001/XMLSchema-instance" xsi:noNamespaceSchemaLocation="https://maven.apache.org/surefire/maven-surefire-plugin/xsd/surefire-test-report.xsd" name="controller.TeacherControllerTest" time="0.388" tests="1" errors="0" skipped="0" failures="1">
  <properties>
    <property name="sun.desktop" value="gnome"/>
    <property name="awt.toolkit" value="sun.awt.X11.XToolkit"/>
    <property name="java.specification.version" value="11"/>
    <property name="sun.cpu.isalist" value=""/>
    <property name="sun.jnu.encoding" value="UTF-8"/>
    <property name="java.class.path" value="/home/phamhung/IdeaProjects/manager/target/test-classes:/home/phamhung/IdeaProjects/manager/target/classes:/home/phamhung/.m2/repository/junit/junit/4.12/junit-4.12.jar:/home/phamhung/.m2/repository/org/hamcrest/hamcrest-core/1.3/hamcrest-core-1.3.jar:/home/phamhung/.m2/repository/org/springframework/spring-webmvc/5.0.8.RELEASE/spring-webmvc-5.0.8.RELEASE.jar:/home/phamhung/.m2/repository/org/springframework/spring-aop/5.0.8.RELEASE/spring-aop-5.0.8.RELEASE.jar:/home/phamhung/.m2/repository/org/springframework/spring-beans/5.0.8.RELEASE/spring-beans-5.0.8.RELEASE.jar:/home/phamhung/.m2/repository/org/springframework/spring-context/5.0.8.RELEASE/spring-context-5.0.8.RELEASE.jar:/home/phamhung/.m2/repository/org/springframework/spring-core/5.0.8.RELEASE/spring-core-5.0.8.RELEASE.jar:/home/phamhung/.m2/repository/org/springframework/spring-jcl/5.0.8.RELEASE/spring-jcl-5.0.8.RELEASE.jar:/home/phamhung/.m2/repository/org/springframework/spring-expression/5.0.8.RELEASE/spring-expression-5.0.8.RELEASE.jar:/home/phamhung/.m2/repository/org/springframework/spring-web/5.0.8.RELEASE/spring-web-5.0.8.RELEASE.jar:/home/phamhung/.m2/repository/org/springframework/spring-tx/5.0.8.RELEASE/spring-tx-5.0.8.RELEASE.jar:/home/phamhung/.m2/repository/org/springframework/spring-orm/5.0.8.RELEASE/spring-orm-5.0.8.RELEASE.jar:/home/phamhung/.m2/repository/org/springframework/spring-jdbc/5.0.8.RELEASE/spring-jdbc-5.0.8.RELEASE.jar:/home/phamhung/.m2/repository/org/springframework/spring-context-support/5.0.8.RELEASE/spring-context-support-5.0.8.RELEASE.jar:/home/phamhung/.m2/repository/org/springframework/spring-test/5.0.8.RELEASE/spring-test-5.0.8.RELEASE.jar:/home/phamhung/.m2/repository/javax/servlet/javax.servlet-api/4.0.1/javax.servlet-api-4.0.1.jar:/home/phamhung/.m2/repository/javax/validation/validation-api/2.0.1.Final/validation-api-2.0.1.Final.jar:/home/phamhung/.m2/repository/javax/servlet/jstl/1.2/jstl-1.2.jar:/home/phamhung/.m2/repository/mysql/mysql-connector-java/8.0.13/mysql-connector-java-8.0.13.jar:/home/phamhung/.m2/repository/com/google/protobuf/protobuf-java/3.6.1/protobuf-java-3.6.1.jar:/home/phamhung/.m2/repository/org/hibernate/hibernate-core/5.4.1.Final/hibernate-core-5.4.1.Final.jar:/home/phamhung/.m2/repository/org/jboss/logging/jboss-logging/3.3.2.Final/jboss-logging-3.3.2.Final.jar:/home/phamhung/.m2/repository/javax/persistence/javax.persistence-api/2.2/javax.persistence-api-2.2.jar:/home/phamhung/.m2/repository/org/javassist/javassist/3.24.0-GA/javassist-3.24.0-GA.jar:/home/phamhung/.m2/repository/net/bytebuddy/byte-buddy/1.9.5/byte-buddy-1.9.5.jar:/home/phamhung/.m2/repository/antlr/antlr/2.7.7/antlr-2.7.7.jar:/home/phamhung/.m2/repository/org/jboss/spec/javax/transaction/jboss-transaction-api_1.2_spec/1.1.1.Final/jboss-transaction-api_1.2_spec-1.1.1.Final.jar:/home/phamhung/.m2/repository/org/jboss/jandex/2.0.5.Final/jandex-2.0.5.Final.jar:/home/phamhung/.m2/repository/com/fasterxml/classmate/1.3.4/classmate-1.3.4.jar:/home/phamhung/.m2/repository/javax/activation/javax.activation-api/1.2.0/javax.activation-api-1.2.0.jar:/home/phamhung/.m2/repository/org/dom4j/dom4j/2.1.1/dom4j-2.1.1.jar:/home/phamhung/.m2/repository/org/hibernate/common/hibernate-commons-annotations/5.1.0.Final/hibernate-commons-annotations-5.1.0.Final.jar:/home/phamhung/.m2/repository/javax/xml/bind/jaxb-api/2.3.1/jaxb-api-2.3.1.jar:/home/phamhung/.m2/repository/org/glassfish/jaxb/jaxb-runtime/2.3.1/jaxb-runtime-2.3.1.jar:/home/phamhung/.m2/repository/org/glassfish/jaxb/txw2/2.3.1/txw2-2.3.1.jar:/home/phamhung/.m2/repository/com/sun/istack/istack-commons-runtime/3.0.7/istack-commons-runtime-3.0.7.jar:/home/phamhung/.m2/repository/org/jvnet/staxex/stax-ex/1.8/stax-ex-1.8.jar:/home/phamhung/.m2/repository/com/sun/xml/fastinfoset/FastInfoset/1.2.15/FastInfoset-1.2.15.jar:/home/phamhung/.m2/repository/org/hibernate/hibernate-entitymanager/5.4.1.Final/hibernate-entitymanager-5.4.1.Final.jar:/home/phamhung/.m2/repository/org/hibernate/hibernate-validator/5.4.1.Final/hibernate-validator-5.4.1.Final.jar:/home/phamhung/.m2/repository/org/hibernate/hibernate-c3p0/5.4.1.Final/hibernate-c3p0-5.4.1.Final.jar:/home/phamhung/.m2/repository/com/mchange/c3p0/0.9.5.2/c3p0-0.9.5.2.jar:/home/phamhung/.m2/repository/com/mchange/mchange-commons-java/0.2.11/mchange-commons-java-0.2.11.jar:/home/phamhung/.m2/repository/commons-dbcp/commons-dbcp/1.4/commons-dbcp-1.4.jar:/home/phamhung/.m2/repository/commons-pool/commons-pool/1.5.4/commons-pool-1.5.4.jar:/home/phamhung/.m2/repository/javax/mail/mail/1.4.7/mail-1.4.7.jar:/home/phamhung/.m2/repository/javax/activation/activation/1.1/activation-1.1.jar:/home/phamhung/.m2/repository/com/fasterxml/jackson/core/jackson-core/2.9.8/jackson-core-2.9.8.jar:/home/phamhung/.m2/repository/com/fasterxml/jackson/core/jackson-databind/2.9.8/jackson-databind-2.9.8.jar:/home/phamhung/.m2/repository/com/fasterxml/jackson/core/jackson-annotations/2.9.0/jackson-annotations-2.9.0.jar:/home/phamhung/.m2/repository/commons-fileupload/commons-fileupload/1.3.1/commons-fileupload-1.3.1.jar:/home/phamhung/.m2/repository/commons-io/commons-io/2.4/commons-io-2.4.jar:/home/phamhung/.m2/repository/org/json/json/20180813/json-20180813.jar:/home/phamhung/.m2/repository/org/junit/jupiter/junit-jupiter-api/5.5.0/junit-jupiter-api-5.5.0.jar:/home/phamhung/.m2/repository/org/apiguardian/apiguardian-api/1.1.0/apiguardian-api-1.1.0.jar:/home/phamhung/.m2/repository/org/opentest4j/opentest4j/1.2.0/opentest4j-1.2.0.jar:/home/phamhung/.m2/repository/org/junit/platform/junit-platform-commons/1.5.0/junit-platform-commons-1.5.0.jar:"/>
    <property name="java.vm.vendor" value="Oracle Corporation"/>
    <property name="sun.arch.data.model" value="64"/>
    <property name="java.vendor.url" value="http://java.oracle.com/"/>
    <property name="user.timezone" value=""/>
    <property name="java.vm.specification.version" value="11"/>
    <property name="os.name" value="Linux"/>
    <property name="sun.java.launcher" value="SUN_STANDARD"/>
    <property name="user.country" value="US"/>
    <property name="sun.boot.library.path" value="/usr/lib/jvm/java-11-oracle/lib"/>
    <property name="sun.java.command" value="/home/phamhung/IdeaProjects/manager/target/surefire/surefirebooter3703117769566961623.jar /home/phamhung/IdeaProjects/manager/target/surefire 2019-07-03T14-23-09_774-jvmRun1 surefire9936720168701592324tmp surefire_0972989545840799868tmp"/>
    <property name="jdk.debug" value="release"/>
    <property name="surefire.test.class.path" value="/home/phamhung/IdeaProjects/manager/target/test-classes:/home/phamhung/IdeaProjects/manager/target/classes:/home/phamhung/.m2/repository/junit/junit/4.12/junit-4.12.jar:/home/phamhung/.m2/repository/org/hamcrest/hamcrest-core/1.3/hamcrest-core-1.3.jar:/home/phamhung/.m2/repository/org/springframework/spring-webmvc/5.0.8.RELEASE/spring-webmvc-5.0.8.RELEASE.jar:/home/phamhung/.m2/repository/org/springframework/spring-aop/5.0.8.RELEASE/spring-aop-5.0.8.RELEASE.jar:/home/phamhung/.m2/repository/org/springframework/spring-beans/5.0.8.RELEASE/spring-beans-5.0.8.RELEASE.jar:/home/phamhung/.m2/repository/org/springframework/spring-context/5.0.8.RELEASE/spring-context-5.0.8.RELEASE.jar:/home/phamhung/.m2/repository/org/springframework/spring-core/5.0.8.RELEASE/spring-core-5.0.8.RELEASE.jar:/home/phamhung/.m2/repository/org/springframework/spring-jcl/5.0.8.RELEASE/spring-jcl-5.0.8.RELEASE.jar:/home/phamhung/.m2/repository/org/springframework/spring-expression/5.0.8.RELEASE/spring-expression-5.0.8.RELEASE.jar:/home/phamhung/.m2/repository/org/springframework/spring-web/5.0.8.RELEASE/spring-web-5.0.8.RELEASE.jar:/home/phamhung/.m2/repository/org/springframework/spring-tx/5.0.8.RELEASE/spring-tx-5.0.8.RELEASE.jar:/home/phamhung/.m2/repository/org/springframework/spring-orm/5.0.8.RELEASE/spring-orm-5.0.8.RELEASE.jar:/home/phamhung/.m2/repository/org/springframework/spring-jdbc/5.0.8.RELEASE/spring-jdbc-5.0.8.RELEASE.jar:/home/phamhung/.m2/repository/org/springframework/spring-context-support/5.0.8.RELEASE/spring-context-support-5.0.8.RELEASE.jar:/home/phamhung/.m2/repository/org/springframework/spring-test/5.0.8.RELEASE/spring-test-5.0.8.RELEASE.jar:/home/phamhung/.m2/repository/javax/servlet/javax.servlet-api/4.0.1/javax.servlet-api-4.0.1.jar:/home/phamhung/.m2/repository/javax/validation/validation-api/2.0.1.Final/validation-api-2.0.1.Final.jar:/home/phamhung/.m2/repository/javax/servlet/jstl/1.2/jstl-1.2.jar:/home/phamhung/.m2/repository/mysql/mysql-connector-java/8.0.13/mysql-connector-java-8.0.13.jar:/home/phamhung/.m2/repository/com/google/protobuf/protobuf-java/3.6.1/protobuf-java-3.6.1.jar:/home/phamhung/.m2/repository/org/hibernate/hibernate-core/5.4.1.Final/hibernate-core-5.4.1.Final.jar:/home/phamhung/.m2/repository/org/jboss/logging/jboss-logging/3.3.2.Final/jboss-logging-3.3.2.Final.jar:/home/phamhung/.m2/repository/javax/persistence/javax.persistence-api/2.2/javax.persistence-api-2.2.jar:/home/phamhung/.m2/repository/org/javassist/javassist/3.24.0-GA/javassist-3.24.0-GA.jar:/home/phamhung/.m2/repository/net/bytebuddy/byte-buddy/1.9.5/byte-buddy-1.9.5.jar:/home/phamhung/.m2/repository/antlr/antlr/2.7.7/antlr-2.7.7.jar:/home/phamhung/.m2/repository/org/jboss/spec/javax/transaction/jboss-transaction-api_1.2_spec/1.1.1.Final/jboss-transaction-api_1.2_spec-1.1.1.Final.jar:/home/phamhung/.m2/repository/org/jboss/jandex/2.0.5.Final/jandex-2.0.5.Final.jar:/home/phamhung/.m2/repository/com/fasterxml/classmate/1.3.4/classmate-1.3.4.jar:/home/phamhung/.m2/repository/javax/activation/javax.activation-api/1.2.0/javax.activation-api-1.2.0.jar:/home/phamhung/.m2/repository/org/dom4j/dom4j/2.1.1/dom4j-2.1.1.jar:/home/phamhung/.m2/repository/org/hibernate/common/hibernate-commons-annotations/5.1.0.Final/hibernate-commons-annotations-5.1.0.Final.jar:/home/phamhung/.m2/repository/javax/xml/bind/jaxb-api/2.3.1/jaxb-api-2.3.1.jar:/home/phamhung/.m2/repository/org/glassfish/jaxb/jaxb-runtime/2.3.1/jaxb-runtime-2.3.1.jar:/home/phamhung/.m2/repository/org/glassfish/jaxb/txw2/2.3.1/txw2-2.3.1.jar:/home/phamhung/.m2/repository/com/sun/istack/istack-commons-runtime/3.0.7/istack-commons-runtime-3.0.7.jar:/home/phamhung/.m2/repository/org/jvnet/staxex/stax-ex/1.8/stax-ex-1.8.jar:/home/phamhung/.m2/repository/com/sun/xml/fastinfoset/FastInfoset/1.2.15/FastInfoset-1.2.15.jar:/home/phamhung/.m2/repository/org/hibernate/hibernate-entitymanager/5.4.1.Final/hibernate-entitymanager-5.4.1.Final.jar:/home/phamhung/.m2/repository/org/hibernate/hibernate-validator/5.4.1.Final/hibernate-validator-5.4.1.Final.jar:/home/phamhung/.m2/repository/org/hibernate/hibernate-c3p0/5.4.1.Final/hibernate-c3p0-5.4.1.Final.jar:/home/phamhung/.m2/repository/com/mchange/c3p0/0.9.5.2/c3p0-0.9.5.2.jar:/home/phamhung/.m2/repository/com/mchange/mchange-commons-java/0.2.11/mchange-commons-java-0.2.11.jar:/home/phamhung/.m2/repository/commons-dbcp/commons-dbcp/1.4/commons-dbcp-1.4.jar:/home/phamhung/.m2/repository/commons-pool/commons-pool/1.5.4/commons-pool-1.5.4.jar:/home/phamhung/.m2/repository/javax/mail/mail/1.4.7/mail-1.4.7.jar:/home/phamhung/.m2/repository/javax/activation/activation/1.1/activation-1.1.jar:/home/phamhung/.m2/repository/com/fasterxml/jackson/core/jackson-core/2.9.8/jackson-core-2.9.8.jar:/home/phamhung/.m2/repository/com/fasterxml/jackson/core/jackson-databind/2.9.8/jackson-databind-2.9.8.jar:/home/phamhung/.m2/repository/com/fasterxml/jackson/core/jackson-annotations/2.9.0/jackson-annotations-2.9.0.jar:/home/phamhung/.m2/repository/commons-fileupload/commons-fileupload/1.3.1/commons-fileupload-1.3.1.jar:/home/phamhung/.m2/repository/commons-io/commons-io/2.4/commons-io-2.4.jar:/home/phamhung/.m2/repository/org/json/json/20180813/json-20180813.jar:/home/phamhung/.m2/repository/org/junit/jupiter/junit-jupiter-api/5.5.0/junit-jupiter-api-5.5.0.jar:/home/phamhung/.m2/repository/org/apiguardian/apiguardian-api/1.1.0/apiguardian-api-1.1.0.jar:/home/phamhung/.m2/repository/org/opentest4j/opentest4j/1.2.0/opentest4j-1.2.0.jar:/home/phamhung/.m2/repository/org/junit/platform/junit-platform-commons/1.5.0/junit-platform-commons-1.5.0.jar:"/>
    <property name="sun.cpu.endian" value="little"/>
    <property name="user.home" value="/home/phamhung"/>
    <property name="user.language" value="en"/>
    <property name="java.specification.vendor" value="Oracle Corporation"/>
    <property name="java.version.date" value="2019-01-15"/>
    <property name="java.home" value="/usr/lib/jvm/java-11-oracle"/>
    <property name="file.separator" value="/"/>
    <property name="basedir" value="/home/phamhung/IdeaProjects/manager"/>
    <property name="java.vm.compressedOopsMode" value="32-bit"/>
    <property name="line.separator" value="&#10;"/>
    <property name="java.specification.name" value="Java Platform API Specification"/>
    <property name="java.vm.specification.vendor" value="Oracle Corporation"/>
    <property name="java.awt.graphicsenv" value="sun.awt.X11GraphicsEnvironment"/>
    <property name="surefire.real.class.path" value="/home/phamhung/IdeaProjects/manager/target/surefire/surefirebooter3703117769566961623.jar"/>
    <property name="sun.management.compiler" value="HotSpot 64-Bit Tiered Compilers"/>
    <property name="java.runtime.version" value="11.0.2+9-LTS"/>
    <property name="user.name" value="phamhung"/>
    <property name="path.separator" value=":"/>
    <property name="os.version" value="4.15.0-54-generic"/>
    <property name="java.runtime.name" value="Java(TM) SE Runtime Environment"/>
    <property name="file.encoding" value="UTF-8"/>
    <property name="java.vm.name" value="Java HotSpot(TM) 64-Bit Server VM"/>
    <property name="java.vendor.version" value="18.9"/>
    <property name="localRepository" value="/home/phamhung/.m2/repository"/>
    <property name="java.vendor.url.bug" value="http://bugreport.java.com/bugreport/"/>
    <property name="java.io.tmpdir" value="/tmp"/>
    <property name="java.version" value="11.0.2"/>
    <property name="user.dir" value="/home/phamhung/IdeaProjects/manager"/>
    <property name="os.arch" value="amd64"/>
    <property name="java.vm.specification.name" value="Java Virtual Machine Specification"/>
    <property name="java.awt.printerjob" value="sun.print.PSPrinterJob"/>
    <property name="sun.os.patch.level" value="unknown"/>
    <property name="java.library.path" value="/u01/app/oracle/product/12.2.0/dbhome_1/lib:/lib:/usr/lib:/usr/lib64:/usr/java/packages/lib:/usr/lib64:/lib64:/lib:/usr/lib"/>
    <property name="java.vendor" value="Oracle Corporation"/>
    <property name="java.vm.info" value="mixed mode"/>
    <property name="java.vm.version" value="11.0.2+9-LTS"/>
    <property name="sun.io.unicode.encoding" value="UnicodeLittle"/>
    <property name="java.class.version" value="55.0"/>
  </properties>
  <testcase name="updateCourseTest" classname="controller.TeacherControllerTest" time="0.387">
    <failure message="Model attribute &apos;success&apos;&#10;Expected: &quot;Update successfully !!!&quot;&#10;     but: was null" type="java.lang.AssertionError">java.lang.AssertionError: 
Model attribute 'success'
Expected: "Update successfully !!!"
     but: was null
	at controller.TeacherControllerTest.updateCourseTest(TeacherControllerTest.java:62)
</failure>
    <system-out><![CDATA[Hibernate: select user0_.user_id as user_id1_6_, user0_.address as address2_6_, user0_.email as email3_6_, user0_.fullname as fullname4_6_, user0_.password as password5_6_, user0_.phone as phone6_6_, user0_.status as status7_6_, user0_.user_type_id as user_typ9_6_, user0_.username as username8_6_ from user user0_ where user0_.username=? and user0_.password=?
Hibernate: select usertype0_.user_type_id as user_typ1_7_0_, usertype0_.type as type2_7_0_ from user_type usertype0_ where usertype0_.user_type_id=?
Hibernate: select listlesson0_.user_id as user_id1_5_0_, listlesson0_.lesson_id as lesson_i2_5_0_, lesson1_.lesson_id as lesson_i1_4_1_, lesson1_.content as content2_4_1_, lesson1_.course_id as course_i6_4_1_, lesson1_.date as date3_4_1_, lesson1_.length as length4_4_1_, lesson1_.lesson_name as lesson_n5_4_1_, course2_.course_id as course_i1_1_2_, course2_.course_name as course_n2_1_2_, course2_.course_type_id as course_t9_1_2_, course2_.end_date as end_date3_1_2_, course2_.fee as fee4_1_2_, course2_.num_of_lesson as num_of_l5_1_2_, course2_.promotion as promotio6_1_2_, course2_.start_date as start_da7_1_2_, course2_.status as status8_1_2_, coursetype3_.course_type_id as course_t1_3_3_, coursetype3_.type as type2_3_3_ from roll_up listlesson0_ inner join lesson lesson1_ on listlesson0_.lesson_id=lesson1_.lesson_id left outer join course course2_ on lesson1_.course_id=course2_.course_id left outer join course_type coursetype3_ on course2_.course_type_id=coursetype3_.course_type_id where listlesson0_.user_id=?
Hibernate: select listcourse0_.user_id as user_id1_2_0_, listcourse0_.course_id as course_i2_2_0_, course1_.course_id as course_i1_1_1_, course1_.course_name as course_n2_1_1_, course1_.course_type_id as course_t9_1_1_, course1_.end_date as end_date3_1_1_, course1_.fee as fee4_1_1_, course1_.num_of_lesson as num_of_l5_1_1_, course1_.promotion as promotio6_1_1_, course1_.start_date as start_da7_1_1_, course1_.status as status8_1_1_, coursetype2_.course_type_id as course_t1_3_2_, coursetype2_.type as type2_3_2_ from course_detail listcourse0_ inner join course course1_ on listcourse0_.course_id=course1_.course_id left outer join course_type coursetype2_ on course1_.course_type_id=coursetype2_.course_type_id where listcourse0_.user_id=?
Hibernate: select listusers0_.course_id as course_i2_2_0_, listusers0_.user_id as user_id1_2_0_, user1_.user_id as user_id1_6_1_, user1_.address as address2_6_1_, user1_.email as email3_6_1_, user1_.fullname as fullname4_6_1_, user1_.password as password5_6_1_, user1_.phone as phone6_6_1_, user1_.status as status7_6_1_, user1_.user_type_id as user_typ9_6_1_, user1_.username as username8_6_1_, usertype2_.user_type_id as user_typ1_7_2_, usertype2_.type as type2_7_2_ from course_detail listusers0_ inner join user user1_ on listusers0_.user_id=user1_.user_id left outer join user_type usertype2_ on user1_.user_type_id=usertype2_.user_type_id where listusers0_.course_id=?
Hibernate: select listlesson0_.user_id as user_id1_5_0_, listlesson0_.lesson_id as lesson_i2_5_0_, lesson1_.lesson_id as lesson_i1_4_1_, lesson1_.content as content2_4_1_, lesson1_.course_id as course_i6_4_1_, lesson1_.date as date3_4_1_, lesson1_.length as length4_4_1_, lesson1_.lesson_name as lesson_n5_4_1_, course2_.course_id as course_i1_1_2_, course2_.course_name as course_n2_1_2_, course2_.course_type_id as course_t9_1_2_, course2_.end_date as end_date3_1_2_, course2_.fee as fee4_1_2_, course2_.num_of_lesson as num_of_l5_1_2_, course2_.promotion as promotio6_1_2_, course2_.start_date as start_da7_1_2_, course2_.status as status8_1_2_, coursetype3_.course_type_id as course_t1_3_3_, coursetype3_.type as type2_3_3_ from roll_up listlesson0_ inner join lesson lesson1_ on listlesson0_.lesson_id=lesson1_.lesson_id left outer join course course2_ on lesson1_.course_id=course2_.course_id left outer join course_type coursetype3_ on course2_.course_type_id=coursetype3_.course_type_id where listlesson0_.user_id=?
Hibernate: select listcourse0_.user_id as user_id1_2_0_, listcourse0_.course_id as course_i2_2_0_, course1_.course_id as course_i1_1_1_, course1_.course_name as course_n2_1_1_, course1_.course_type_id as course_t9_1_1_, course1_.end_date as end_date3_1_1_, course1_.fee as fee4_1_1_, course1_.num_of_lesson as num_of_l5_1_1_, course1_.promotion as promotio6_1_1_, course1_.start_date as start_da7_1_1_, course1_.status as status8_1_1_, coursetype2_.course_type_id as course_t1_3_2_, coursetype2_.type as type2_3_2_ from course_detail listcourse0_ inner join course course1_ on listcourse0_.course_id=course1_.course_id left outer join course_type coursetype2_ on course1_.course_type_id=coursetype2_.course_type_id where listcourse0_.user_id=?
Hibernate: select listlesson0_.user_id as user_id1_5_0_, listlesson0_.lesson_id as lesson_i2_5_0_, lesson1_.lesson_id as lesson_i1_4_1_, lesson1_.content as content2_4_1_, lesson1_.course_id as course_i6_4_1_, lesson1_.date as date3_4_1_, lesson1_.length as length4_4_1_, lesson1_.lesson_name as lesson_n5_4_1_, course2_.course_id as course_i1_1_2_, course2_.course_name as course_n2_1_2_, course2_.course_type_id as course_t9_1_2_, course2_.end_date as end_date3_1_2_, course2_.fee as fee4_1_2_, course2_.num_of_lesson as num_of_l5_1_2_, course2_.promotion as promotio6_1_2_, course2_.start_date as start_da7_1_2_, course2_.status as status8_1_2_, coursetype3_.course_type_id as course_t1_3_3_, coursetype3_.type as type2_3_3_ from roll_up listlesson0_ inner join lesson lesson1_ on listlesson0_.lesson_id=lesson1_.lesson_id left outer join course course2_ on lesson1_.course_id=course2_.course_id left outer join course_type coursetype3_ on course2_.course_type_id=coursetype3_.course_type_id where listlesson0_.user_id=?
Hibernate: select listcourse0_.user_id as user_id1_2_0_, listcourse0_.course_id as course_i2_2_0_, course1_.course_id as course_i1_1_1_, course1_.course_name as course_n2_1_1_, course1_.course_type_id as course_t9_1_1_, course1_.end_date as end_date3_1_1_, course1_.fee as fee4_1_1_, course1_.num_of_lesson as num_of_l5_1_1_, course1_.promotion as promotio6_1_1_, course1_.start_date as start_da7_1_1_, course1_.status as status8_1_1_, coursetype2_.course_type_id as course_t1_3_2_, coursetype2_.type as type2_3_2_ from course_detail listcourse0_ inner join course course1_ on listcourse0_.course_id=course1_.course_id left outer join course_type coursetype2_ on course1_.course_type_id=coursetype2_.course_type_id where listcourse0_.user_id=?
Hibernate: select listlesson0_.course_id as course_i6_4_0_, listlesson0_.lesson_id as lesson_i1_4_0_, listlesson0_.lesson_id as lesson_i1_4_1_, listlesson0_.content as content2_4_1_, listlesson0_.course_id as course_i6_4_1_, listlesson0_.date as date3_4_1_, listlesson0_.length as length4_4_1_, listlesson0_.lesson_name as lesson_n5_4_1_ from lesson listlesson0_ where listlesson0_.course_id=?
Hibernate: select listusers0_.course_id as course_i2_2_0_, listusers0_.user_id as user_id1_2_0_, user1_.user_id as user_id1_6_1_, user1_.address as address2_6_1_, user1_.email as email3_6_1_, user1_.fullname as fullname4_6_1_, user1_.password as password5_6_1_, user1_.phone as phone6_6_1_, user1_.status as status7_6_1_, user1_.user_type_id as user_typ9_6_1_, user1_.username as username8_6_1_, usertype2_.user_type_id as user_typ1_7_2_, usertype2_.type as type2_7_2_ from course_detail listusers0_ inner join user user1_ on listusers0_.user_id=user1_.user_id left outer join user_type usertype2_ on user1_.user_type_id=usertype2_.user_type_id where listusers0_.course_id=?
Hibernate: select listlesson0_.course_id as course_i6_4_0_, listlesson0_.lesson_id as lesson_i1_4_0_, listlesson0_.lesson_id as lesson_i1_4_1_, listlesson0_.content as content2_4_1_, listlesson0_.course_id as course_i6_4_1_, listlesson0_.date as date3_4_1_, listlesson0_.length as length4_4_1_, listlesson0_.lesson_name as lesson_n5_4_1_ from lesson listlesson0_ where listlesson0_.course_id=?
Hibernate: select listusers0_.course_id as course_i2_2_0_, listusers0_.user_id as user_id1_2_0_, user1_.user_id as user_id1_6_1_, user1_.address as address2_6_1_, user1_.email as email3_6_1_, user1_.fullname as fullname4_6_1_, user1_.password as password5_6_1_, user1_.phone as phone6_6_1_, user1_.status as status7_6_1_, user1_.user_type_id as user_typ9_6_1_, user1_.username as username8_6_1_, usertype2_.user_type_id as user_typ1_7_2_, usertype2_.type as type2_7_2_ from course_detail listusers0_ inner join user user1_ on listusers0_.user_id=user1_.user_id left outer join user_type usertype2_ on user1_.user_type_id=usertype2_.user_type_id where listusers0_.course_id=?
Hibernate: select listlesson0_.course_id as course_i6_4_0_, listlesson0_.lesson_id as lesson_i1_4_0_, listlesson0_.lesson_id as lesson_i1_4_1_, listlesson0_.content as content2_4_1_, listlesson0_.course_id as course_i6_4_1_, listlesson0_.date as date3_4_1_, listlesson0_.length as length4_4_1_, listlesson0_.lesson_name as lesson_n5_4_1_ from lesson listlesson0_ where listlesson0_.course_id=?
Hibernate: select listusers0_.lesson_id as lesson_i2_5_0_, listusers0_.user_id as user_id1_5_0_, user1_.user_id as user_id1_6_1_, user1_.address as address2_6_1_, user1_.email as email3_6_1_, user1_.fullname as fullname4_6_1_, user1_.password as password5_6_1_, user1_.phone as phone6_6_1_, user1_.status as status7_6_1_, user1_.user_type_id as user_typ9_6_1_, user1_.username as username8_6_1_, usertype2_.user_type_id as user_typ1_7_2_, usertype2_.type as type2_7_2_ from roll_up listusers0_ inner join user user1_ on listusers0_.user_id=user1_.user_id left outer join user_type usertype2_ on user1_.user_type_id=usertype2_.user_type_id where listusers0_.lesson_id=?
Hibernate: select listusers0_.lesson_id as lesson_i2_5_0_, listusers0_.user_id as user_id1_5_0_, user1_.user_id as user_id1_6_1_, user1_.address as address2_6_1_, user1_.email as email3_6_1_, user1_.fullname as fullname4_6_1_, user1_.password as password5_6_1_, user1_.phone as phone6_6_1_, user1_.status as status7_6_1_, user1_.user_type_id as user_typ9_6_1_, user1_.username as username8_6_1_, usertype2_.user_type_id as user_typ1_7_2_, usertype2_.type as type2_7_2_ from roll_up listusers0_ inner join user user1_ on listusers0_.user_id=user1_.user_id left outer join user_type usertype2_ on user1_.user_type_id=usertype2_.user_type_id where listusers0_.lesson_id=?
Hibernate: select listusers0_.lesson_id as lesson_i2_5_0_, listusers0_.user_id as user_id1_5_0_, user1_.user_id as user_id1_6_1_, user1_.address as address2_6_1_, user1_.email as email3_6_1_, user1_.fullname as fullname4_6_1_, user1_.password as password5_6_1_, user1_.phone as phone6_6_1_, user1_.status as status7_6_1_, user1_.user_type_id as user_typ9_6_1_, user1_.username as username8_6_1_, usertype2_.user_type_id as user_typ1_7_2_, usertype2_.type as type2_7_2_ from roll_up listusers0_ inner join user user1_ on listusers0_.user_id=user1_.user_id left outer join user_type usertype2_ on user1_.user_type_id=usertype2_.user_type_id where listusers0_.lesson_id=?
Hibernate: select listusers0_.lesson_id as lesson_i2_5_0_, listusers0_.user_id as user_id1_5_0_, user1_.user_id as user_id1_6_1_, user1_.address as address2_6_1_, user1_.email as email3_6_1_, user1_.fullname as fullname4_6_1_, user1_.password as password5_6_1_, user1_.phone as phone6_6_1_, user1_.status as status7_6_1_, user1_.user_type_id as user_typ9_6_1_, user1_.username as username8_6_1_, usertype2_.user_type_id as user_typ1_7_2_, usertype2_.type as type2_7_2_ from roll_up listusers0_ inner join user user1_ on listusers0_.user_id=user1_.user_id left outer join user_type usertype2_ on user1_.user_type_id=usertype2_.user_type_id where listusers0_.lesson_id=?
Hibernate: select listusers0_.course_id as course_i2_2_0_, listusers0_.user_id as user_id1_2_0_, user1_.user_id as user_id1_6_1_, user1_.address as address2_6_1_, user1_.email as email3_6_1_, user1_.fullname as fullname4_6_1_, user1_.password as password5_6_1_, user1_.phone as phone6_6_1_, user1_.status as status7_6_1_, user1_.user_type_id as user_typ9_6_1_, user1_.username as username8_6_1_, usertype2_.user_type_id as user_typ1_7_2_, usertype2_.type as type2_7_2_ from course_detail listusers0_ inner join user user1_ on listusers0_.user_id=user1_.user_id left outer join user_type usertype2_ on user1_.user_type_id=usertype2_.user_type_id where listusers0_.course_id=?
Hibernate: select listlesson0_.course_id as course_i6_4_0_, listlesson0_.lesson_id as lesson_i1_4_0_, listlesson0_.lesson_id as lesson_i1_4_1_, listlesson0_.content as content2_4_1_, listlesson0_.course_id as course_i6_4_1_, listlesson0_.date as date3_4_1_, listlesson0_.length as length4_4_1_, listlesson0_.lesson_name as lesson_n5_4_1_ from lesson listlesson0_ where listlesson0_.course_id=?
Hibernate: select listusers0_.course_id as course_i2_2_0_, listusers0_.user_id as user_id1_2_0_, user1_.user_id as user_id1_6_1_, user1_.address as address2_6_1_, user1_.email as email3_6_1_, user1_.fullname as fullname4_6_1_, user1_.password as password5_6_1_, user1_.phone as phone6_6_1_, user1_.status as status7_6_1_, user1_.user_type_id as user_typ9_6_1_, user1_.username as username8_6_1_, usertype2_.user_type_id as user_typ1_7_2_, usertype2_.type as type2_7_2_ from course_detail listusers0_ inner join user user1_ on listusers0_.user_id=user1_.user_id left outer join user_type usertype2_ on user1_.user_type_id=usertype2_.user_type_id where listusers0_.course_id=?
Hibernate: select listlesson0_.course_id as course_i6_4_0_, listlesson0_.lesson_id as lesson_i1_4_0_, listlesson0_.lesson_id as lesson_i1_4_1_, listlesson0_.content as content2_4_1_, listlesson0_.course_id as course_i6_4_1_, listlesson0_.date as date3_4_1_, listlesson0_.length as length4_4_1_, listlesson0_.lesson_name as lesson_n5_4_1_ from lesson listlesson0_ where listlesson0_.course_id=?
Hibernate: select listusers0_.lesson_id as lesson_i2_5_0_, listusers0_.user_id as user_id1_5_0_, user1_.user_id as user_id1_6_1_, user1_.address as address2_6_1_, user1_.email as email3_6_1_, user1_.fullname as fullname4_6_1_, user1_.password as password5_6_1_, user1_.phone as phone6_6_1_, user1_.status as status7_6_1_, user1_.user_type_id as user_typ9_6_1_, user1_.username as username8_6_1_, usertype2_.user_type_id as user_typ1_7_2_, usertype2_.type as type2_7_2_ from roll_up listusers0_ inner join user user1_ on listusers0_.user_id=user1_.user_id left outer join user_type usertype2_ on user1_.user_type_id=usertype2_.user_type_id where listusers0_.lesson_id=?
{"userId":"16","username":"teacher1","fullname":"TEACHER","status":"1","courses":[{"courseId":"1","courseName":"Traning Japanese","teacher":"TEACHER","startDate":"2019-05-20 00:00:00.0","endDate":"2019-06-20 00:00:00.0","numOfLesson":4,"lessons":[{"lessonName":"Bai 1","content":"null"}, {"lessonName":"Bai 2","content":"null"}, {"lessonName":"Bai 3","content":"null"}, {"lessonName":"Bai 4","content":"null"}],"fee":100.0}, {"courseId":"2","courseName":"All New Runner","teacher":"TEACHER","startDate":"2019-05-01 00:00:00.0","endDate":"2019-05-10 00:00:00.0","numOfLesson":15,"lessons":[],"fee":100.0}, {"courseId":"6","courseName":"ABC","teacher":"TEACHER","startDate":"2019-06-12 00:00:00.0","endDate":"2019-06-13 00:00:00.0","numOfLesson":0,"lessons":[],"fee":0.0}, {"courseId":"9","courseName":"TEST","teacher":"TEACHER","startDate":"2019-06-07 00:00:00.0","endDate":"2019-06-07 00:00:00.0","numOfLesson":5,"lessons":[{"lessonName":"ABC","content":"null"}],"fee":0.0}, {"courseId":"10","courseName":"sdfdsfds","teacher":"TEACHER","startDate":"2019-06-13 00:00:00.0","endDate":"2019-06-14 00:00:00.0","numOfLesson":12,"lessons":[],"fee":0.0}],"userType":{"userTypeId":"2","type":"teacher"},"lessons":[],"totalTime":0.0}
Hibernate: select course0_.course_id as course_i1_1_, course0_.course_name as course_n2_1_, course0_.course_type_id as course_t9_1_, course0_.end_date as end_date3_1_, course0_.fee as fee4_1_, course0_.num_of_lesson as num_of_l5_1_, course0_.promotion as promotio6_1_, course0_.start_date as start_da7_1_, course0_.status as status8_1_ from course course0_ where course_id=?
Hibernate: select coursetype0_.course_type_id as course_t1_3_, coursetype0_.type as type2_3_ from course_type coursetype0_ where coursetype0_.type=?
]]></system-out>
    <system-err><![CDATA[Jul 03, 2019 2:23:16 PM org.springframework.test.context.support.AbstractTestContextBootstrapper getDefaultTestExecutionListenerClassNames
INFO: Loaded default TestExecutionListener class names from location [META-INF/spring.factories]: [org.springframework.test.context.web.ServletTestExecutionListener, org.springframework.test.context.support.DirtiesContextBeforeModesTestExecutionListener, org.springframework.test.context.support.DependencyInjectionTestExecutionListener, org.springframework.test.context.support.DirtiesContextTestExecutionListener, org.springframework.test.context.transaction.TransactionalTestExecutionListener, org.springframework.test.context.jdbc.SqlScriptsTestExecutionListener]
Jul 03, 2019 2:23:16 PM org.springframework.test.context.support.AbstractTestContextBootstrapper getTestExecutionListeners
INFO: Using TestExecutionListeners: [org.springframework.test.context.web.ServletTestExecutionListener@7296fe0b, org.springframework.test.context.support.DirtiesContextBeforeModesTestExecutionListener@4a5066f5, org.springframework.test.context.support.DependencyInjectionTestExecutionListener@578d472a, org.springframework.test.context.support.DirtiesContextTestExecutionListener@1191029d, org.springframework.test.context.transaction.TransactionalTestExecutionListener@54b2d002, org.springframework.test.context.jdbc.SqlScriptsTestExecutionListener@1d1c63af]
Jul 03, 2019 2:23:16 PM org.springframework.test.context.transaction.TransactionContext startTransaction
INFO: Began transaction (1) for test context [DefaultTestContext@4e9ea32f testClass = TeacherControllerTest, testInstance = controller.TeacherControllerTest@79ec57b8, testMethod = updateCourseTest@TeacherControllerTest, testException = [null], mergedContextConfiguration = [WebMergedContextConfiguration@56ba8e8c testClass = TeacherControllerTest, locations = '{file:src/main/webapp/WEB-INF/spring-servlet.xml}', classes = '{}', contextInitializerClasses = '[]', activeProfiles = '{}', propertySourceLocations = '{}', propertySourceProperties = '{}', contextCustomizers = set[[empty]], resourceBasePath = 'src/main/webapp', contextLoader = 'org.springframework.test.context.web.WebDelegatingSmartContextLoader', parent = [null]], attributes = map['org.springframework.test.context.web.ServletTestExecutionListener.populatedRequestContextHolder' -> true, 'org.springframework.test.context.web.ServletTestExecutionListener.resetRequestContextHolder' -> true]]; transaction manager [org.springframework.orm.hibernate5.HibernateTransactionManager@3e2d8623]; rollback [true]
Jul 03, 2019 2:23:16 PM org.springframework.web.servlet.handler.AbstractHandlerMethodMapping$MappingRegistry register
INFO: Mapped "{[/login],methods=[GET]}" onto public java.lang.String controller.LoginController.Default()
Jul 03, 2019 2:23:16 PM org.springframework.web.servlet.handler.AbstractHandlerMethodMapping$MappingRegistry register
INFO: Mapped "{[/login],methods=[POST]}" onto public java.lang.String controller.LoginController.login(org.springframework.ui.ModelMap,java.lang.String,java.lang.String)
Jul 03, 2019 2:23:16 PM org.springframework.web.servlet.handler.AbstractHandlerMethodMapping$MappingRegistry register
INFO: Mapped "{[/logout],methods=[GET]}" onto public java.lang.String controller.LoginController.logout(javax.servlet.http.HttpSession,org.springframework.web.bind.support.SessionStatus)
Jul 03, 2019 2:23:16 PM org.springframework.web.servlet.handler.AbstractHandlerMethodMapping$MappingRegistry register
INFO: Mapped "{[/submit-register],methods=[POST]}" onto public java.lang.String controller.LoginController.register(entities.User,org.springframework.validation.BindingResult,org.springframework.ui.ModelMap)
Jul 03, 2019 2:23:16 PM org.springframework.web.servlet.handler.AbstractHandlerMethodMapping$MappingRegistry register
INFO: Mapped "{[/register],methods=[GET]}" onto public org.springframework.web.servlet.ModelAndView controller.LoginController.register()
Jul 03, 2019 2:23:16 PM org.springframework.web.servlet.mvc.method.annotation.RequestMappingHandlerAdapter initControllerAdviceCache
INFO: Looking for @ControllerAdvice: org.springframework.test.web.servlet.setup.StubWebApplicationContext@774c5e5c
Jul 03, 2019 2:23:16 PM org.springframework.mock.web.MockServletContext log
INFO: Initializing Spring FrameworkServlet ''
Jul 03, 2019 2:23:16 PM org.springframework.web.servlet.FrameworkServlet initServletBean
INFO: FrameworkServlet '': initialization started
Jul 03, 2019 2:23:16 PM org.springframework.web.servlet.FrameworkServlet initServletBean
INFO: FrameworkServlet '': initialization completed in 1 ms
Jul 03, 2019 2:23:17 PM org.springframework.web.servlet.handler.AbstractHandlerMethodMapping$MappingRegistry register
INFO: Mapped "{[/add_course],methods=[POST]}" onto public java.lang.String controller.TeacherController.submit(entities.Course,org.springframework.validation.BindingResult,javax.servlet.http.HttpSession)
Jul 03, 2019 2:23:17 PM org.springframework.web.servlet.handler.AbstractHandlerMethodMapping$MappingRegistry register
INFO: Mapped "{[/teacher],methods=[GET]}" onto public java.lang.String controller.TeacherController.Default(javax.servlet.http.HttpSession,org.springframework.ui.ModelMap)
Jul 03, 2019 2:23:17 PM org.springframework.web.servlet.handler.AbstractHandlerMethodMapping$MappingRegistry register
INFO: Mapped "{[/new_course],methods=[GET]}" onto public org.springframework.web.servlet.ModelAndView controller.TeacherController.newCourse(javax.servlet.http.HttpSession)
Jul 03, 2019 2:23:17 PM org.springframework.web.servlet.handler.AbstractHandlerMethodMapping$MappingRegistry register
INFO: Mapped "{[/api/save_course],methods=[POST],produces=[application/json;charset=utf-8]}" onto public entities.Course controller.TeacherController.submitNewCourse(javax.servlet.http.HttpSession,entities.Course,org.springframework.validation.BindingResult)
Jul 03, 2019 2:23:17 PM org.springframework.web.servlet.handler.AbstractHandlerMethodMapping$MappingRegistry register
INFO: Mapped "{[/api/save_lesson],methods=[GET],produces=[application/json;charset=utf-8]}" onto public entities.Lesson controller.TeacherController.submitNewLesson(javax.servlet.http.HttpServletRequest)
Jul 03, 2019 2:23:17 PM org.springframework.web.servlet.handler.AbstractHandlerMethodMapping$MappingRegistry register
INFO: Mapped "{[/edit_course],methods=[GET]}" onto public org.springframework.web.servlet.ModelAndView controller.TeacherController.editCourse(javax.servlet.http.HttpSession,int,org.springframework.ui.ModelMap)
Jul 03, 2019 2:23:17 PM org.springframework.web.servlet.handler.AbstractHandlerMethodMapping$MappingRegistry register
INFO: Mapped "{[/update_course],methods=[POST]}" onto public java.lang.String controller.TeacherController.updateCourse(javax.servlet.http.HttpSession,entities.Course,org.springframework.validation.BindingResult,org.springframework.ui.ModelMap)
Jul 03, 2019 2:23:17 PM org.springframework.web.servlet.handler.AbstractHandlerMethodMapping$MappingRegistry register
INFO: Mapped "{[/api/load_lessons],methods=[GET],produces=[application/json;charset=utf-8]}" onto public java.lang.String controller.TeacherController.loadLessons(javax.servlet.http.HttpServletRequest)
Jul 03, 2019 2:23:17 PM org.springframework.web.servlet.handler.AbstractHandlerMethodMapping$MappingRegistry register
INFO: Mapped "{[/api/load_students_of_lesson],methods=[GET],produces=[application/json;charset=utf-8]}" onto public java.lang.String controller.TeacherController.loadStudentOfLesson(javax.servlet.http.HttpServletRequest)
Jul 03, 2019 2:23:17 PM org.springframework.web.servlet.handler.AbstractHandlerMethodMapping$MappingRegistry register
INFO: Mapped "{[/api/load_students_of_course],methods=[GET],produces=[application/json;charset=utf-8]}" onto public java.lang.String controller.TeacherController.loadStudentOfCourse(javax.servlet.http.HttpServletRequest)
Jul 03, 2019 2:23:17 PM org.springframework.web.servlet.handler.AbstractHandlerMethodMapping$MappingRegistry register
INFO: Mapped "{[/api/roll_up],methods=[GET],produces=[application/json;charset=utf-8]}" onto public java.lang.String controller.TeacherController.roll_up(javax.servlet.http.HttpServletRequest)
Jul 03, 2019 2:23:17 PM org.springframework.web.servlet.handler.AbstractHandlerMethodMapping$MappingRegistry register
INFO: Mapped "{[/api/load_info_lessons],methods=[GET],produces=[application/json;charset=utf-8]}" onto public java.lang.String controller.TeacherController.loadInfoLesson(javax.servlet.http.HttpServletRequest)
Jul 03, 2019 2:23:17 PM org.springframework.web.servlet.mvc.method.annotation.RequestMappingHandlerAdapter initControllerAdviceCache
INFO: Looking for @ControllerAdvice: org.springframework.test.web.servlet.setup.StubWebApplicationContext@1cab19e2
Jul 03, 2019 2:23:17 PM org.springframework.mock.web.MockServletContext log
INFO: Initializing Spring FrameworkServlet ''
Jul 03, 2019 2:23:17 PM org.springframework.web.servlet.FrameworkServlet initServletBean
INFO: FrameworkServlet '': initialization started
Jul 03, 2019 2:23:17 PM org.springframework.web.servlet.FrameworkServlet initServletBean
INFO: FrameworkServlet '': initialization completed in 1 ms
org.hibernate.NonUniqueObjectException: A different object with the same identifier value was already associated with the session : [entities.Course#1]
	at org.hibernate.engine.internal.StatefulPersistenceContext.checkUniqueness(StatefulPersistenceContext.java:651)
	at org.hibernate.event.internal.DefaultSaveOrUpdateEventListener.performUpdate(DefaultSaveOrUpdateEventListener.java:284)
	at org.hibernate.event.internal.DefaultSaveOrUpdateEventListener.entityIsDetached(DefaultSaveOrUpdateEventListener.java:227)
	at org.hibernate.event.internal.DefaultUpdateEventListener.performSaveOrUpdate(DefaultUpdateEventListener.java:38)
	at org.hibernate.event.internal.DefaultSaveOrUpdateEventListener.onSaveOrUpdate(DefaultSaveOrUpdateEventListener.java:73)
	at org.hibernate.internal.SessionImpl.fireUpdate(SessionImpl.java:737)
	at org.hibernate.internal.SessionImpl.update(SessionImpl.java:729)
	at org.hibernate.internal.SessionImpl.update(SessionImpl.java:724)
	at dao.impl.CourseDAOImpl.update(CourseDAOImpl.java:149)
	at dao.impl.CourseDAOImpl$$FastClassBySpringCGLIB$$8b0fb4a5.invoke(<generated>)
	at org.springframework.cglib.proxy.MethodProxy.invoke(MethodProxy.java:204)
	at org.springframework.aop.framework.CglibAopProxy$CglibMethodInvocation.invokeJoinpoint(CglibAopProxy.java:746)
	at org.springframework.aop.framework.ReflectiveMethodInvocation.proceed(ReflectiveMethodInvocation.java:163)
	at org.springframework.transaction.interceptor.TransactionAspectSupport.invokeWithinTransaction(TransactionAspectSupport.java:294)
	at org.springframework.transaction.interceptor.TransactionInterceptor.invoke(TransactionInterceptor.java:98)
	at org.springframework.aop.framework.ReflectiveMethodInvocation.proceed(ReflectiveMethodInvocation.java:185)
	at org.springframework.aop.framework.CglibAopProxy$DynamicAdvisedInterceptor.intercept(CglibAopProxy.java:688)
	at dao.impl.CourseDAOImpl$$EnhancerBySpringCGLIB$$eb330246.update(<generated>)
	at dao.impl.CourseDAOImpl$$FastClassBySpringCGLIB$$8b0fb4a5.invoke(<generated>)
	at org.springframework.cglib.proxy.MethodProxy.invoke(MethodProxy.java:204)
	at org.springframework.aop.framework.CglibAopProxy$CglibMethodInvocation.invokeJoinpoint(CglibAopProxy.java:746)
	at org.springframework.aop.framework.ReflectiveMethodInvocation.proceed(ReflectiveMethodInvocation.java:163)
	at org.springframework.aop.support.DelegatingIntroductionInterceptor.doProceed(DelegatingIntroductionInterceptor.java:136)
	at org.springframework.aop.support.DelegatingIntroductionInterceptor.invoke(DelegatingIntroductionInterceptor.java:124)
	at org.springframework.aop.framework.ReflectiveMethodInvocation.proceed(ReflectiveMethodInvocation.java:185)
	at org.springframework.aop.framework.CglibAopProxy$DynamicAdvisedInterceptor.intercept(CglibAopProxy.java:688)
	at dao.impl.CourseDAOImpl$$EnhancerBySpringCGLIB$$2c082e53.update(<generated>)
	at service.impl.CourseServiceImpl.update(CourseServiceImpl.java:54)
	at controller.TeacherController.updateCourse(TeacherController.java:153)
	at java.base/jdk.internal.reflect.NativeMethodAccessorImpl.invoke0(Native Method)
	at java.base/jdk.internal.reflect.NativeMethodAccessorImpl.invoke(NativeMethodAccessorImpl.java:62)
	at java.base/jdk.internal.reflect.DelegatingMethodAccessorImpl.invoke(DelegatingMethodAccessorImpl.java:43)
	at java.base/java.lang.reflect.Method.invoke(Method.java:566)
	at org.springframework.web.method.support.InvocableHandlerMethod.doInvoke(InvocableHandlerMethod.java:209)
	at org.springframework.web.method.support.InvocableHandlerMethod.invokeForRequest(InvocableHandlerMethod.java:136)
	at org.springframework.web.servlet.mvc.method.annotation.ServletInvocableHandlerMethod.invokeAndHandle(ServletInvocableHandlerMethod.java:102)
	at org.springframework.web.servlet.mvc.method.annotation.RequestMappingHandlerAdapter.invokeHandlerMethod(RequestMappingHandlerAdapter.java:877)
	at org.springframework.web.servlet.mvc.method.annotation.RequestMappingHandlerAdapter.handleInternal(RequestMappingHandlerAdapter.java:783)
	at org.springframework.web.servlet.mvc.method.AbstractHandlerMethodAdapter.handle(AbstractHandlerMethodAdapter.java:87)
	at org.springframework.web.servlet.DispatcherServlet.doDispatch(DispatcherServlet.java:991)
	at org.springframework.web.servlet.DispatcherServlet.doService(DispatcherServlet.java:925)
	at org.springframework.web.servlet.FrameworkServlet.processRequest(FrameworkServlet.java:974)
	at org.springframework.web.servlet.FrameworkServlet.doPost(FrameworkServlet.java:877)
	at javax.servlet.http.HttpServlet.service(HttpServlet.java:665)
	at org.springframework.web.servlet.FrameworkServlet.service(FrameworkServlet.java:851)
	at org.springframework.test.web.servlet.TestDispatcherServlet.service(TestDispatcherServlet.java:71)
	at javax.servlet.http.HttpServlet.service(HttpServlet.java:750)
	at org.springframework.mock.web.MockFilterChain$ServletFilterProxy.doFilter(MockFilterChain.java:166)
	at org.springframework.mock.web.MockFilterChain.doFilter(MockFilterChain.java:133)
	at org.springframework.test.web.servlet.MockMvc.perform(MockMvc.java:165)
	at controller.TeacherControllerTest.updateCourseTest(TeacherControllerTest.java:52)
	at java.base/jdk.internal.reflect.NativeMethodAccessorImpl.invoke0(Native Method)
	at java.base/jdk.internal.reflect.NativeMethodAccessorImpl.invoke(NativeMethodAccessorImpl.java:62)
	at java.base/jdk.internal.reflect.DelegatingMethodAccessorImpl.invoke(DelegatingMethodAccessorImpl.java:43)
	at java.base/java.lang.reflect.Method.invoke(Method.java:566)
	at org.junit.runners.model.FrameworkMethod$1.runReflectiveCall(FrameworkMethod.java:50)
	at org.junit.internal.runners.model.ReflectiveCallable.run(ReflectiveCallable.java:12)
	at org.junit.runners.model.FrameworkMethod.invokeExplosively(FrameworkMethod.java:47)
	at org.junit.internal.runners.statements.InvokeMethod.evaluate(InvokeMethod.java:17)
	at org.springframework.test.context.junit4.statements.RunBeforeTestExecutionCallbacks.evaluate(RunBeforeTestExecutionCallbacks.java:73)
	at org.springframework.test.context.junit4.statements.RunAfterTestExecutionCallbacks.evaluate(RunAfterTestExecutionCallbacks.java:83)
	at org.springframework.test.context.junit4.statements.RunBeforeTestMethodCallbacks.evaluate(RunBeforeTestMethodCallbacks.java:75)
	at org.springframework.test.context.junit4.statements.RunAfterTestMethodCallbacks.evaluate(RunAfterTestMethodCallbacks.java:86)
	at org.springframework.test.context.junit4.statements.SpringRepeat.evaluate(SpringRepeat.java:84)
	at org.junit.runners.ParentRunner.runLeaf(ParentRunner.java:325)
	at org.springframework.test.context.junit4.SpringJUnit4ClassRunner.runChild(SpringJUnit4ClassRunner.java:251)
	at org.springframework.test.context.junit4.SpringJUnit4ClassRunner.runChild(SpringJUnit4ClassRunner.java:97)
	at org.junit.runners.ParentRunner$3.run(ParentRunner.java:290)
	at org.junit.runners.ParentRunner$1.schedule(ParentRunner.java:71)
	at org.junit.runners.ParentRunner.runChildren(ParentRunner.java:288)
	at org.junit.runners.ParentRunner.access$000(ParentRunner.java:58)
	at org.junit.runners.ParentRunner$2.evaluate(ParentRunner.java:268)
	at org.springframework.test.context.junit4.statements.RunBeforeTestClassCallbacks.evaluate(RunBeforeTestClassCallbacks.java:61)
	at org.springframework.test.context.junit4.statements.RunAfterTestClassCallbacks.evaluate(RunAfterTestClassCallbacks.java:70)
	at org.junit.runners.ParentRunner.run(ParentRunner.java:363)
	at org.springframework.test.context.junit4.SpringJUnit4ClassRunner.run(SpringJUnit4ClassRunner.java:190)
	at org.apache.maven.surefire.junit4.JUnit4Provider.execute(JUnit4Provider.java:365)
	at org.apache.maven.surefire.junit4.JUnit4Provider.executeWithRerun(JUnit4Provider.java:273)
	at org.apache.maven.surefire.junit4.JUnit4Provider.executeTestSet(JUnit4Provider.java:238)
	at org.apache.maven.surefire.junit4.JUnit4Provider.invoke(JUnit4Provider.java:159)
	at org.apache.maven.surefire.booter.ForkedBooter.invokeProviderInSameClassLoader(ForkedBooter.java:384)
	at org.apache.maven.surefire.booter.ForkedBooter.runSuitesInProcess(ForkedBooter.java:345)
	at org.apache.maven.surefire.booter.ForkedBooter.execute(ForkedBooter.java:126)
	at org.apache.maven.surefire.booter.ForkedBooter.main(ForkedBooter.java:418)
Jul 03, 2019 2:23:17 PM org.springframework.test.context.transaction.TransactionContext endTransaction
INFO: Rolled back transaction for test: [DefaultTestContext@4e9ea32f testClass = TeacherControllerTest, testInstance = controller.TeacherControllerTest@79ec57b8, testMethod = updateCourseTest@TeacherControllerTest, testException = java.lang.AssertionError: Model attribute 'success'
Expected: "Update successfully !!!"
     but: was null, mergedContextConfiguration = [WebMergedContextConfiguration@56ba8e8c testClass = TeacherControllerTest, locations = '{file:src/main/webapp/WEB-INF/spring-servlet.xml}', classes = '{}', contextInitializerClasses = '[]', activeProfiles = '{}', propertySourceLocations = '{}', propertySourceProperties = '{}', contextCustomizers = set[[empty]], resourceBasePath = 'src/main/webapp', contextLoader = 'org.springframework.test.context.web.WebDelegatingSmartContextLoader', parent = [null]], attributes = map['org.springframework.test.context.web.ServletTestExecutionListener.populatedRequestContextHolder' -> true, 'org.springframework.test.context.web.ServletTestExecutionListener.resetRequestContextHolder' -> true]]
]]></system-err>
  </testcase>
</testsuite>