<?xml version="1.0" encoding="UTF-8"?>
<testsuite xmlns:xsi="http://www.w3.org/2001/XMLSchema-instance" xsi:noNamespaceSchemaLocation="https://maven.apache.org/surefire/maven-surefire-plugin/xsd/surefire-test-report.xsd" name="controller.StudentControllerTest" time="0.313" tests="1" errors="0" skipped="0" failures="1">
  <properties>
    <property name="sun.desktop" value="gnome"/>
    <property name="awt.toolkit" value="sun.awt.X11.XToolkit"/>
    <property name="java.specification.version" value="11"/>
    <property name="sun.cpu.isalist" value=""/>
    <property name="sun.jnu.encoding" value="UTF-8"/>
    <property name="java.class.path" value="/home/phamhung/IdeaProjects/manager/target/test-classes:/home/phamhung/IdeaProjects/manager/target/classes:/home/phamhung/.m2/repository/junit/junit/4.12/junit-4.12.jar:/home/phamhung/.m2/repository/org/hamcrest/hamcrest-core/1.3/hamcrest-core-1.3.jar:/home/phamhung/.m2/repository/org/springframework/spring-webmvc/5.0.8.RELEASE/spring-webmvc-5.0.8.RELEASE.jar:/home/phamhung/.m2/repository/org/springframework/spring-aop/5.0.8.RELEASE/spring-aop-5.0.8.RELEASE.jar:/home/phamhung/.m2/repository/org/springframework/spring-beans/5.0.8.RELEASE/spring-beans-5.0.8.RELEASE.jar:/home/phamhung/.m2/repository/org/springframework/spring-context/5.0.8.RELEASE/spring-context-5.0.8.RELEASE.jar:/home/phamhung/.m2/repository/org/springframework/spring-core/5.0.8.RELEASE/spring-core-5.0.8.RELEASE.jar:/home/phamhung/.m2/repository/org/springframework/spring-jcl/5.0.8.RELEASE/spring-jcl-5.0.8.RELEASE.jar:/home/phamhung/.m2/repository/org/springframework/spring-expression/5.0.8.RELEASE/spring-expression-5.0.8.RELEASE.jar:/home/phamhung/.m2/repository/org/springframework/spring-web/5.0.8.RELEASE/spring-web-5.0.8.RELEASE.jar:/home/phamhung/.m2/repository/org/springframework/spring-tx/5.0.8.RELEASE/spring-tx-5.0.8.RELEASE.jar:/home/phamhung/.m2/repository/org/springframework/spring-orm/5.0.8.RELEASE/spring-orm-5.0.8.RELEASE.jar:/home/phamhung/.m2/repository/org/springframework/spring-jdbc/5.0.8.RELEASE/spring-jdbc-5.0.8.RELEASE.jar:/home/phamhung/.m2/repository/org/springframework/spring-context-support/5.0.8.RELEASE/spring-context-support-5.0.8.RELEASE.jar:/home/phamhung/.m2/repository/org/springframework/spring-test/5.0.8.RELEASE/spring-test-5.0.8.RELEASE.jar:/home/phamhung/.m2/repository/javax/servlet/javax.servlet-api/4.0.1/javax.servlet-api-4.0.1.jar:/home/phamhung/.m2/repository/javax/validation/validation-api/2.0.1.Final/validation-api-2.0.1.Final.jar:/home/phamhung/.m2/repository/javax/servlet/jstl/1.2/jstl-1.2.jar:/home/phamhung/.m2/repository/mysql/mysql-connector-java/8.0.13/mysql-connector-java-8.0.13.jar:/home/phamhung/.m2/repository/com/google/protobuf/protobuf-java/3.6.1/protobuf-java-3.6.1.jar:/home/phamhung/.m2/repository/org/hibernate/hibernate-core/5.4.1.Final/hibernate-core-5.4.1.Final.jar:/home/phamhung/.m2/repository/org/jboss/logging/jboss-logging/3.3.2.Final/jboss-logging-3.3.2.Final.jar:/home/phamhung/.m2/repository/javax/persistence/javax.persistence-api/2.2/javax.persistence-api-2.2.jar:/home/phamhung/.m2/repository/org/javassist/javassist/3.24.0-GA/javassist-3.24.0-GA.jar:/home/phamhung/.m2/repository/net/bytebuddy/byte-buddy/1.9.5/byte-buddy-1.9.5.jar:/home/phamhung/.m2/repository/antlr/antlr/2.7.7/antlr-2.7.7.jar:/home/phamhung/.m2/repository/org/jboss/spec/javax/transaction/jboss-transaction-api_1.2_spec/1.1.1.Final/jboss-transaction-api_1.2_spec-1.1.1.Final.jar:/home/phamhung/.m2/repository/org/jboss/jandex/2.0.5.Final/jandex-2.0.5.Final.jar:/home/phamhung/.m2/repository/com/fasterxml/classmate/1.3.4/classmate-1.3.4.jar:/home/phamhung/.m2/repository/javax/activation/javax.activation-api/1.2.0/javax.activation-api-1.2.0.jar:/home/phamhung/.m2/repository/org/dom4j/dom4j/2.1.1/dom4j-2.1.1.jar:/home/phamhung/.m2/repository/org/hibernate/common/hibernate-commons-annotations/5.1.0.Final/hibernate-commons-annotations-5.1.0.Final.jar:/home/phamhung/.m2/repository/javax/xml/bind/jaxb-api/2.3.1/jaxb-api-2.3.1.jar:/home/phamhung/.m2/repository/org/glassfish/jaxb/jaxb-runtime/2.3.1/jaxb-runtime-2.3.1.jar:/home/phamhung/.m2/repository/org/glassfish/jaxb/txw2/2.3.1/txw2-2.3.1.jar:/home/phamhung/.m2/repository/com/sun/istack/istack-commons-runtime/3.0.7/istack-commons-runtime-3.0.7.jar:/home/phamhung/.m2/repository/org/jvnet/staxex/stax-ex/1.8/stax-ex-1.8.jar:/home/phamhung/.m2/repository/com/sun/xml/fastinfoset/FastInfoset/1.2.15/FastInfoset-1.2.15.jar:/home/phamhung/.m2/repository/org/hibernate/hibernate-entitymanager/5.4.1.Final/hibernate-entitymanager-5.4.1.Final.jar:/home/phamhung/.m2/repository/org/hibernate/hibernate-validator/5.4.1.Final/hibernate-validator-5.4.1.Final.jar:/home/phamhung/.m2/repository/org/hibernate/hibernate-c3p0/5.4.1.Final/hibernate-c3p0-5.4.1.Final.jar:/home/phamhung/.m2/repository/com/mchange/c3p0/0.9.5.2/c3p0-0.9.5.2.jar:/home/phamhung/.m2/repository/com/mchange/mchange-commons-java/0.2.11/mchange-commons-java-0.2.11.jar:/home/phamhung/.m2/repository/commons-dbcp/commons-dbcp/1.4/commons-dbcp-1.4.jar:/home/phamhung/.m2/repository/commons-pool/commons-pool/1.5.4/commons-pool-1.5.4.jar:/home/phamhung/.m2/repository/javax/mail/mail/1.4.7/mail-1.4.7.jar:/home/phamhung/.m2/repository/javax/activation/activation/1.1/activation-1.1.jar:/home/phamhung/.m2/repository/com/fasterxml/jackson/core/jackson-core/2.9.8/jackson-core-2.9.8.jar:/home/phamhung/.m2/repository/com/fasterxml/jackson/core/jackson-databind/2.9.8/jackson-databind-2.9.8.jar:/home/phamhung/.m2/repository/com/fasterxml/jackson/core/jackson-annotations/2.9.0/jackson-annotations-2.9.0.jar:/home/phamhung/.m2/repository/commons-fileupload/commons-fileupload/1.3.1/commons-fileupload-1.3.1.jar:/home/phamhung/.m2/repository/commons-io/commons-io/2.4/commons-io-2.4.jar:/home/phamhung/.m2/repository/org/json/json/20180813/json-20180813.jar:/home/phamhung/.m2/repository/org/junit/jupiter/junit-jupiter-api/5.5.0/junit-jupiter-api-5.5.0.jar:/home/phamhung/.m2/repository/org/apiguardian/apiguardian-api/1.1.0/apiguardian-api-1.1.0.jar:/home/phamhung/.m2/repository/org/opentest4j/opentest4j/1.2.0/opentest4j-1.2.0.jar:/home/phamhung/.m2/repository/org/junit/platform/junit-platform-commons/1.5.0/junit-platform-commons-1.5.0.jar:"/>
    <property name="java.vm.vendor" value="Oracle Corporation"/>
    <property name="sun.arch.data.model" value="64"/>
    <property name="java.vendor.url" value="http://java.oracle.com/"/>
    <property name="user.timezone" value=""/>
    <property name="java.vm.specification.version" value="11"/>
    <property name="os.name" value="Linux"/>
    <property name="sun.java.launcher" value="SUN_STANDARD"/>
    <property name="user.country" value="US"/>
    <property name="sun.boot.library.path" value="/usr/lib/jvm/java-11-oracle/lib"/>
    <property name="sun.java.command" value="/home/phamhung/IdeaProjects/manager/target/surefire/surefirebooter14147873961115318044.jar /home/phamhung/IdeaProjects/manager/target/surefire 2019-07-03T13-48-27_923-jvmRun1 surefire18303281021715502531tmp surefire_017505598854014453367tmp"/>
    <property name="jdk.debug" value="release"/>
    <property name="surefire.test.class.path" value="/home/phamhung/IdeaProjects/manager/target/test-classes:/home/phamhung/IdeaProjects/manager/target/classes:/home/phamhung/.m2/repository/junit/junit/4.12/junit-4.12.jar:/home/phamhung/.m2/repository/org/hamcrest/hamcrest-core/1.3/hamcrest-core-1.3.jar:/home/phamhung/.m2/repository/org/springframework/spring-webmvc/5.0.8.RELEASE/spring-webmvc-5.0.8.RELEASE.jar:/home/phamhung/.m2/repository/org/springframework/spring-aop/5.0.8.RELEASE/spring-aop-5.0.8.RELEASE.jar:/home/phamhung/.m2/repository/org/springframework/spring-beans/5.0.8.RELEASE/spring-beans-5.0.8.RELEASE.jar:/home/phamhung/.m2/repository/org/springframework/spring-context/5.0.8.RELEASE/spring-context-5.0.8.RELEASE.jar:/home/phamhung/.m2/repository/org/springframework/spring-core/5.0.8.RELEASE/spring-core-5.0.8.RELEASE.jar:/home/phamhung/.m2/repository/org/springframework/spring-jcl/5.0.8.RELEASE/spring-jcl-5.0.8.RELEASE.jar:/home/phamhung/.m2/repository/org/springframework/spring-expression/5.0.8.RELEASE/spring-expression-5.0.8.RELEASE.jar:/home/phamhung/.m2/repository/org/springframework/spring-web/5.0.8.RELEASE/spring-web-5.0.8.RELEASE.jar:/home/phamhung/.m2/repository/org/springframework/spring-tx/5.0.8.RELEASE/spring-tx-5.0.8.RELEASE.jar:/home/phamhung/.m2/repository/org/springframework/spring-orm/5.0.8.RELEASE/spring-orm-5.0.8.RELEASE.jar:/home/phamhung/.m2/repository/org/springframework/spring-jdbc/5.0.8.RELEASE/spring-jdbc-5.0.8.RELEASE.jar:/home/phamhung/.m2/repository/org/springframework/spring-context-support/5.0.8.RELEASE/spring-context-support-5.0.8.RELEASE.jar:/home/phamhung/.m2/repository/org/springframework/spring-test/5.0.8.RELEASE/spring-test-5.0.8.RELEASE.jar:/home/phamhung/.m2/repository/javax/servlet/javax.servlet-api/4.0.1/javax.servlet-api-4.0.1.jar:/home/phamhung/.m2/repository/javax/validation/validation-api/2.0.1.Final/validation-api-2.0.1.Final.jar:/home/phamhung/.m2/repository/javax/servlet/jstl/1.2/jstl-1.2.jar:/home/phamhung/.m2/repository/mysql/mysql-connector-java/8.0.13/mysql-connector-java-8.0.13.jar:/home/phamhung/.m2/repository/com/google/protobuf/protobuf-java/3.6.1/protobuf-java-3.6.1.jar:/home/phamhung/.m2/repository/org/hibernate/hibernate-core/5.4.1.Final/hibernate-core-5.4.1.Final.jar:/home/phamhung/.m2/repository/org/jboss/logging/jboss-logging/3.3.2.Final/jboss-logging-3.3.2.Final.jar:/home/phamhung/.m2/repository/javax/persistence/javax.persistence-api/2.2/javax.persistence-api-2.2.jar:/home/phamhung/.m2/repository/org/javassist/javassist/3.24.0-GA/javassist-3.24.0-GA.jar:/home/phamhung/.m2/repository/net/bytebuddy/byte-buddy/1.9.5/byte-buddy-1.9.5.jar:/home/phamhung/.m2/repository/antlr/antlr/2.7.7/antlr-2.7.7.jar:/home/phamhung/.m2/repository/org/jboss/spec/javax/transaction/jboss-transaction-api_1.2_spec/1.1.1.Final/jboss-transaction-api_1.2_spec-1.1.1.Final.jar:/home/phamhung/.m2/repository/org/jboss/jandex/2.0.5.Final/jandex-2.0.5.Final.jar:/home/phamhung/.m2/repository/com/fasterxml/classmate/1.3.4/classmate-1.3.4.jar:/home/phamhung/.m2/repository/javax/activation/javax.activation-api/1.2.0/javax.activation-api-1.2.0.jar:/home/phamhung/.m2/repository/org/dom4j/dom4j/2.1.1/dom4j-2.1.1.jar:/home/phamhung/.m2/repository/org/hibernate/common/hibernate-commons-annotations/5.1.0.Final/hibernate-commons-annotations-5.1.0.Final.jar:/home/phamhung/.m2/repository/javax/xml/bind/jaxb-api/2.3.1/jaxb-api-2.3.1.jar:/home/phamhung/.m2/repository/org/glassfish/jaxb/jaxb-runtime/2.3.1/jaxb-runtime-2.3.1.jar:/home/phamhung/.m2/repository/org/glassfish/jaxb/txw2/2.3.1/txw2-2.3.1.jar:/home/phamhung/.m2/repository/com/sun/istack/istack-commons-runtime/3.0.7/istack-commons-runtime-3.0.7.jar:/home/phamhung/.m2/repository/org/jvnet/staxex/stax-ex/1.8/stax-ex-1.8.jar:/home/phamhung/.m2/repository/com/sun/xml/fastinfoset/FastInfoset/1.2.15/FastInfoset-1.2.15.jar:/home/phamhung/.m2/repository/org/hibernate/hibernate-entitymanager/5.4.1.Final/hibernate-entitymanager-5.4.1.Final.jar:/home/phamhung/.m2/repository/org/hibernate/hibernate-validator/5.4.1.Final/hibernate-validator-5.4.1.Final.jar:/home/phamhung/.m2/repository/org/hibernate/hibernate-c3p0/5.4.1.Final/hibernate-c3p0-5.4.1.Final.jar:/home/phamhung/.m2/repository/com/mchange/c3p0/0.9.5.2/c3p0-0.9.5.2.jar:/home/phamhung/.m2/repository/com/mchange/mchange-commons-java/0.2.11/mchange-commons-java-0.2.11.jar:/home/phamhung/.m2/repository/commons-dbcp/commons-dbcp/1.4/commons-dbcp-1.4.jar:/home/phamhung/.m2/repository/commons-pool/commons-pool/1.5.4/commons-pool-1.5.4.jar:/home/phamhung/.m2/repository/javax/mail/mail/1.4.7/mail-1.4.7.jar:/home/phamhung/.m2/repository/javax/activation/activation/1.1/activation-1.1.jar:/home/phamhung/.m2/repository/com/fasterxml/jackson/core/jackson-core/2.9.8/jackson-core-2.9.8.jar:/home/phamhung/.m2/repository/com/fasterxml/jackson/core/jackson-databind/2.9.8/jackson-databind-2.9.8.jar:/home/phamhung/.m2/repository/com/fasterxml/jackson/core/jackson-annotations/2.9.0/jackson-annotations-2.9.0.jar:/home/phamhung/.m2/repository/commons-fileupload/commons-fileupload/1.3.1/commons-fileupload-1.3.1.jar:/home/phamhung/.m2/repository/commons-io/commons-io/2.4/commons-io-2.4.jar:/home/phamhung/.m2/repository/org/json/json/20180813/json-20180813.jar:/home/phamhung/.m2/repository/org/junit/jupiter/junit-jupiter-api/5.5.0/junit-jupiter-api-5.5.0.jar:/home/phamhung/.m2/repository/org/apiguardian/apiguardian-api/1.1.0/apiguardian-api-1.1.0.jar:/home/phamhung/.m2/repository/org/opentest4j/opentest4j/1.2.0/opentest4j-1.2.0.jar:/home/phamhung/.m2/repository/org/junit/platform/junit-platform-commons/1.5.0/junit-platform-commons-1.5.0.jar:"/>
    <property name="sun.cpu.endian" value="little"/>
    <property name="user.home" value="/home/phamhung"/>
    <property name="user.language" value="en"/>
    <property name="java.specification.vendor" value="Oracle Corporation"/>
    <property name="java.version.date" value="2019-01-15"/>
    <property name="java.home" value="/usr/lib/jvm/java-11-oracle"/>
    <property name="file.separator" value="/"/>
    <property name="basedir" value="/home/phamhung/IdeaProjects/manager"/>
    <property name="java.vm.compressedOopsMode" value="32-bit"/>
    <property name="line.separator" value="&#10;"/>
    <property name="java.specification.name" value="Java Platform API Specification"/>
    <property name="java.vm.specification.vendor" value="Oracle Corporation"/>
    <property name="java.awt.graphicsenv" value="sun.awt.X11GraphicsEnvironment"/>
    <property name="surefire.real.class.path" value="/home/phamhung/IdeaProjects/manager/target/surefire/surefirebooter14147873961115318044.jar"/>
    <property name="sun.management.compiler" value="HotSpot 64-Bit Tiered Compilers"/>
    <property name="java.runtime.version" value="11.0.2+9-LTS"/>
    <property name="user.name" value="phamhung"/>
    <property name="path.separator" value=":"/>
    <property name="os.version" value="4.15.0-54-generic"/>
    <property name="java.runtime.name" value="Java(TM) SE Runtime Environment"/>
    <property name="file.encoding" value="UTF-8"/>
    <property name="java.vm.name" value="Java HotSpot(TM) 64-Bit Server VM"/>
    <property name="java.vendor.version" value="18.9"/>
    <property name="localRepository" value="/home/phamhung/.m2/repository"/>
    <property name="java.vendor.url.bug" value="http://bugreport.java.com/bugreport/"/>
    <property name="java.io.tmpdir" value="/tmp"/>
    <property name="java.version" value="11.0.2"/>
    <property name="user.dir" value="/home/phamhung/IdeaProjects/manager"/>
    <property name="os.arch" value="amd64"/>
    <property name="java.vm.specification.name" value="Java Virtual Machine Specification"/>
    <property name="java.awt.printerjob" value="sun.print.PSPrinterJob"/>
    <property name="sun.os.patch.level" value="unknown"/>
    <property name="java.library.path" value="/u01/app/oracle/product/12.2.0/dbhome_1/lib:/lib:/usr/lib:/usr/lib64:/usr/java/packages/lib:/usr/lib64:/lib64:/lib:/usr/lib"/>
    <property name="java.vendor" value="Oracle Corporation"/>
    <property name="java.vm.info" value="mixed mode"/>
    <property name="java.vm.version" value="11.0.2+9-LTS"/>
    <property name="sun.io.unicode.encoding" value="UnicodeLittle"/>
    <property name="java.class.version" value="55.0"/>
  </properties>
  <testcase name="createScheduleTest" classname="controller.StudentControllerTest" time="0.312">
    <failure message="Status expected:&lt;200&gt; but was:&lt;404&gt;" type="java.lang.AssertionError"><![CDATA[java.lang.AssertionError: Status expected:<200> but was:<404>
	at controller.StudentControllerTest.createScheduleTest(StudentControllerTest.java:53)
]]></failure>
    <system-out><![CDATA[Hibernate: select user0_.user_id as user_id1_6_, user0_.address as address2_6_, user0_.email as email3_6_, user0_.fullname as fullname4_6_, user0_.password as password5_6_, user0_.phone as phone6_6_, user0_.status as status7_6_, user0_.user_type_id as user_typ9_6_, user0_.username as username8_6_ from user user0_ where user0_.username=? and user0_.password=?
Hibernate: select usertype0_.user_type_id as user_typ1_7_0_, usertype0_.type as type2_7_0_ from user_type usertype0_ where usertype0_.user_type_id=?
Hibernate: select listlesson0_.user_id as user_id1_5_0_, listlesson0_.lesson_id as lesson_i2_5_0_, lesson1_.lesson_id as lesson_i1_4_1_, lesson1_.content as content2_4_1_, lesson1_.course_id as course_i6_4_1_, lesson1_.date as date3_4_1_, lesson1_.length as length4_4_1_, lesson1_.lesson_name as lesson_n5_4_1_, course2_.course_id as course_i1_1_2_, course2_.course_name as course_n2_1_2_, course2_.course_type_id as course_t9_1_2_, course2_.end_date as end_date3_1_2_, course2_.fee as fee4_1_2_, course2_.num_of_lesson as num_of_l5_1_2_, course2_.promotion as promotio6_1_2_, course2_.start_date as start_da7_1_2_, course2_.status as status8_1_2_, coursetype3_.course_type_id as course_t1_3_3_, coursetype3_.type as type2_3_3_ from roll_up listlesson0_ inner join lesson lesson1_ on listlesson0_.lesson_id=lesson1_.lesson_id left outer join course course2_ on lesson1_.course_id=course2_.course_id left outer join course_type coursetype3_ on course2_.course_type_id=coursetype3_.course_type_id where listlesson0_.user_id=?
Hibernate: select listcourse0_.user_id as user_id1_2_0_, listcourse0_.course_id as course_i2_2_0_, course1_.course_id as course_i1_1_1_, course1_.course_name as course_n2_1_1_, course1_.course_type_id as course_t9_1_1_, course1_.end_date as end_date3_1_1_, course1_.fee as fee4_1_1_, course1_.num_of_lesson as num_of_l5_1_1_, course1_.promotion as promotio6_1_1_, course1_.start_date as start_da7_1_1_, course1_.status as status8_1_1_, coursetype2_.course_type_id as course_t1_3_2_, coursetype2_.type as type2_3_2_ from course_detail listcourse0_ inner join course course1_ on listcourse0_.course_id=course1_.course_id left outer join course_type coursetype2_ on course1_.course_type_id=coursetype2_.course_type_id where listcourse0_.user_id=?
Hibernate: select listusers0_.course_id as course_i2_2_0_, listusers0_.user_id as user_id1_2_0_, user1_.user_id as user_id1_6_1_, user1_.address as address2_6_1_, user1_.email as email3_6_1_, user1_.fullname as fullname4_6_1_, user1_.password as password5_6_1_, user1_.phone as phone6_6_1_, user1_.status as status7_6_1_, user1_.user_type_id as user_typ9_6_1_, user1_.username as username8_6_1_, usertype2_.user_type_id as user_typ1_7_2_, usertype2_.type as type2_7_2_ from course_detail listusers0_ inner join user user1_ on listusers0_.user_id=user1_.user_id left outer join user_type usertype2_ on user1_.user_type_id=usertype2_.user_type_id where listusers0_.course_id=?
Hibernate: select listlesson0_.user_id as user_id1_5_0_, listlesson0_.lesson_id as lesson_i2_5_0_, lesson1_.lesson_id as lesson_i1_4_1_, lesson1_.content as content2_4_1_, lesson1_.course_id as course_i6_4_1_, lesson1_.date as date3_4_1_, lesson1_.length as length4_4_1_, lesson1_.lesson_name as lesson_n5_4_1_, course2_.course_id as course_i1_1_2_, course2_.course_name as course_n2_1_2_, course2_.course_type_id as course_t9_1_2_, course2_.end_date as end_date3_1_2_, course2_.fee as fee4_1_2_, course2_.num_of_lesson as num_of_l5_1_2_, course2_.promotion as promotio6_1_2_, course2_.start_date as start_da7_1_2_, course2_.status as status8_1_2_, coursetype3_.course_type_id as course_t1_3_3_, coursetype3_.type as type2_3_3_ from roll_up listlesson0_ inner join lesson lesson1_ on listlesson0_.lesson_id=lesson1_.lesson_id left outer join course course2_ on lesson1_.course_id=course2_.course_id left outer join course_type coursetype3_ on course2_.course_type_id=coursetype3_.course_type_id where listlesson0_.user_id=?
Hibernate: select listcourse0_.user_id as user_id1_2_0_, listcourse0_.course_id as course_i2_2_0_, course1_.course_id as course_i1_1_1_, course1_.course_name as course_n2_1_1_, course1_.course_type_id as course_t9_1_1_, course1_.end_date as end_date3_1_1_, course1_.fee as fee4_1_1_, course1_.num_of_lesson as num_of_l5_1_1_, course1_.promotion as promotio6_1_1_, course1_.start_date as start_da7_1_1_, course1_.status as status8_1_1_, coursetype2_.course_type_id as course_t1_3_2_, coursetype2_.type as type2_3_2_ from course_detail listcourse0_ inner join course course1_ on listcourse0_.course_id=course1_.course_id left outer join course_type coursetype2_ on course1_.course_type_id=coursetype2_.course_type_id where listcourse0_.user_id=?
Hibernate: select listusers0_.course_id as course_i2_2_0_, listusers0_.user_id as user_id1_2_0_, user1_.user_id as user_id1_6_1_, user1_.address as address2_6_1_, user1_.email as email3_6_1_, user1_.fullname as fullname4_6_1_, user1_.password as password5_6_1_, user1_.phone as phone6_6_1_, user1_.status as status7_6_1_, user1_.user_type_id as user_typ9_6_1_, user1_.username as username8_6_1_, usertype2_.user_type_id as user_typ1_7_2_, usertype2_.type as type2_7_2_ from course_detail listusers0_ inner join user user1_ on listusers0_.user_id=user1_.user_id left outer join user_type usertype2_ on user1_.user_type_id=usertype2_.user_type_id where listusers0_.course_id=?
Hibernate: select listlesson0_.course_id as course_i6_4_0_, listlesson0_.lesson_id as lesson_i1_4_0_, listlesson0_.lesson_id as lesson_i1_4_1_, listlesson0_.content as content2_4_1_, listlesson0_.course_id as course_i6_4_1_, listlesson0_.date as date3_4_1_, listlesson0_.length as length4_4_1_, listlesson0_.lesson_name as lesson_n5_4_1_ from lesson listlesson0_ where listlesson0_.course_id=?
Hibernate: select listlesson0_.course_id as course_i6_4_0_, listlesson0_.lesson_id as lesson_i1_4_0_, listlesson0_.lesson_id as lesson_i1_4_1_, listlesson0_.content as content2_4_1_, listlesson0_.course_id as course_i6_4_1_, listlesson0_.date as date3_4_1_, listlesson0_.length as length4_4_1_, listlesson0_.lesson_name as lesson_n5_4_1_ from lesson listlesson0_ where listlesson0_.course_id=?
Hibernate: select listusers0_.course_id as course_i2_2_0_, listusers0_.user_id as user_id1_2_0_, user1_.user_id as user_id1_6_1_, user1_.address as address2_6_1_, user1_.email as email3_6_1_, user1_.fullname as fullname4_6_1_, user1_.password as password5_6_1_, user1_.phone as phone6_6_1_, user1_.status as status7_6_1_, user1_.user_type_id as user_typ9_6_1_, user1_.username as username8_6_1_, usertype2_.user_type_id as user_typ1_7_2_, usertype2_.type as type2_7_2_ from course_detail listusers0_ inner join user user1_ on listusers0_.user_id=user1_.user_id left outer join user_type usertype2_ on user1_.user_type_id=usertype2_.user_type_id where listusers0_.course_id=?
Hibernate: select listlesson0_.user_id as user_id1_5_0_, listlesson0_.lesson_id as lesson_i2_5_0_, lesson1_.lesson_id as lesson_i1_4_1_, lesson1_.content as content2_4_1_, lesson1_.course_id as course_i6_4_1_, lesson1_.date as date3_4_1_, lesson1_.length as length4_4_1_, lesson1_.lesson_name as lesson_n5_4_1_, course2_.course_id as course_i1_1_2_, course2_.course_name as course_n2_1_2_, course2_.course_type_id as course_t9_1_2_, course2_.end_date as end_date3_1_2_, course2_.fee as fee4_1_2_, course2_.num_of_lesson as num_of_l5_1_2_, course2_.promotion as promotio6_1_2_, course2_.start_date as start_da7_1_2_, course2_.status as status8_1_2_, coursetype3_.course_type_id as course_t1_3_3_, coursetype3_.type as type2_3_3_ from roll_up listlesson0_ inner join lesson lesson1_ on listlesson0_.lesson_id=lesson1_.lesson_id left outer join course course2_ on lesson1_.course_id=course2_.course_id left outer join course_type coursetype3_ on course2_.course_type_id=coursetype3_.course_type_id where listlesson0_.user_id=?
Hibernate: select listcourse0_.user_id as user_id1_2_0_, listcourse0_.course_id as course_i2_2_0_, course1_.course_id as course_i1_1_1_, course1_.course_name as course_n2_1_1_, course1_.course_type_id as course_t9_1_1_, course1_.end_date as end_date3_1_1_, course1_.fee as fee4_1_1_, course1_.num_of_lesson as num_of_l5_1_1_, course1_.promotion as promotio6_1_1_, course1_.start_date as start_da7_1_1_, course1_.status as status8_1_1_, coursetype2_.course_type_id as course_t1_3_2_, coursetype2_.type as type2_3_2_ from course_detail listcourse0_ inner join course course1_ on listcourse0_.course_id=course1_.course_id left outer join course_type coursetype2_ on course1_.course_type_id=coursetype2_.course_type_id where listcourse0_.user_id=?
Hibernate: select listlesson0_.course_id as course_i6_4_0_, listlesson0_.lesson_id as lesson_i1_4_0_, listlesson0_.lesson_id as lesson_i1_4_1_, listlesson0_.content as content2_4_1_, listlesson0_.course_id as course_i6_4_1_, listlesson0_.date as date3_4_1_, listlesson0_.length as length4_4_1_, listlesson0_.lesson_name as lesson_n5_4_1_ from lesson listlesson0_ where listlesson0_.course_id=?
Hibernate: select listusers0_.course_id as course_i2_2_0_, listusers0_.user_id as user_id1_2_0_, user1_.user_id as user_id1_6_1_, user1_.address as address2_6_1_, user1_.email as email3_6_1_, user1_.fullname as fullname4_6_1_, user1_.password as password5_6_1_, user1_.phone as phone6_6_1_, user1_.status as status7_6_1_, user1_.user_type_id as user_typ9_6_1_, user1_.username as username8_6_1_, usertype2_.user_type_id as user_typ1_7_2_, usertype2_.type as type2_7_2_ from course_detail listusers0_ inner join user user1_ on listusers0_.user_id=user1_.user_id left outer join user_type usertype2_ on user1_.user_type_id=usertype2_.user_type_id where listusers0_.course_id=?
Hibernate: select listlesson0_.course_id as course_i6_4_0_, listlesson0_.lesson_id as lesson_i1_4_0_, listlesson0_.lesson_id as lesson_i1_4_1_, listlesson0_.content as content2_4_1_, listlesson0_.course_id as course_i6_4_1_, listlesson0_.date as date3_4_1_, listlesson0_.length as length4_4_1_, listlesson0_.lesson_name as lesson_n5_4_1_ from lesson listlesson0_ where listlesson0_.course_id=?
Hibernate: select listusers0_.lesson_id as lesson_i2_5_0_, listusers0_.user_id as user_id1_5_0_, user1_.user_id as user_id1_6_1_, user1_.address as address2_6_1_, user1_.email as email3_6_1_, user1_.fullname as fullname4_6_1_, user1_.password as password5_6_1_, user1_.phone as phone6_6_1_, user1_.status as status7_6_1_, user1_.user_type_id as user_typ9_6_1_, user1_.username as username8_6_1_, usertype2_.user_type_id as user_typ1_7_2_, usertype2_.type as type2_7_2_ from roll_up listusers0_ inner join user user1_ on listusers0_.user_id=user1_.user_id left outer join user_type usertype2_ on user1_.user_type_id=usertype2_.user_type_id where listusers0_.lesson_id=?
Hibernate: select listusers0_.lesson_id as lesson_i2_5_0_, listusers0_.user_id as user_id1_5_0_, user1_.user_id as user_id1_6_1_, user1_.address as address2_6_1_, user1_.email as email3_6_1_, user1_.fullname as fullname4_6_1_, user1_.password as password5_6_1_, user1_.phone as phone6_6_1_, user1_.status as status7_6_1_, user1_.user_type_id as user_typ9_6_1_, user1_.username as username8_6_1_, usertype2_.user_type_id as user_typ1_7_2_, usertype2_.type as type2_7_2_ from roll_up listusers0_ inner join user user1_ on listusers0_.user_id=user1_.user_id left outer join user_type usertype2_ on user1_.user_type_id=usertype2_.user_type_id where listusers0_.lesson_id=?
Hibernate: select listusers0_.lesson_id as lesson_i2_5_0_, listusers0_.user_id as user_id1_5_0_, user1_.user_id as user_id1_6_1_, user1_.address as address2_6_1_, user1_.email as email3_6_1_, user1_.fullname as fullname4_6_1_, user1_.password as password5_6_1_, user1_.phone as phone6_6_1_, user1_.status as status7_6_1_, user1_.user_type_id as user_typ9_6_1_, user1_.username as username8_6_1_, usertype2_.user_type_id as user_typ1_7_2_, usertype2_.type as type2_7_2_ from roll_up listusers0_ inner join user user1_ on listusers0_.user_id=user1_.user_id left outer join user_type usertype2_ on user1_.user_type_id=usertype2_.user_type_id where listusers0_.lesson_id=?
Hibernate: select listusers0_.lesson_id as lesson_i2_5_0_, listusers0_.user_id as user_id1_5_0_, user1_.user_id as user_id1_6_1_, user1_.address as address2_6_1_, user1_.email as email3_6_1_, user1_.fullname as fullname4_6_1_, user1_.password as password5_6_1_, user1_.phone as phone6_6_1_, user1_.status as status7_6_1_, user1_.user_type_id as user_typ9_6_1_, user1_.username as username8_6_1_, usertype2_.user_type_id as user_typ1_7_2_, usertype2_.type as type2_7_2_ from roll_up listusers0_ inner join user user1_ on listusers0_.user_id=user1_.user_id left outer join user_type usertype2_ on user1_.user_type_id=usertype2_.user_type_id where listusers0_.lesson_id=?
Hibernate: select listusers0_.course_id as course_i2_2_0_, listusers0_.user_id as user_id1_2_0_, user1_.user_id as user_id1_6_1_, user1_.address as address2_6_1_, user1_.email as email3_6_1_, user1_.fullname as fullname4_6_1_, user1_.password as password5_6_1_, user1_.phone as phone6_6_1_, user1_.status as status7_6_1_, user1_.user_type_id as user_typ9_6_1_, user1_.username as username8_6_1_, usertype2_.user_type_id as user_typ1_7_2_, usertype2_.type as type2_7_2_ from course_detail listusers0_ inner join user user1_ on listusers0_.user_id=user1_.user_id left outer join user_type usertype2_ on user1_.user_type_id=usertype2_.user_type_id where listusers0_.course_id=?
Hibernate: select listlesson0_.course_id as course_i6_4_0_, listlesson0_.lesson_id as lesson_i1_4_0_, listlesson0_.lesson_id as lesson_i1_4_1_, listlesson0_.content as content2_4_1_, listlesson0_.course_id as course_i6_4_1_, listlesson0_.date as date3_4_1_, listlesson0_.length as length4_4_1_, listlesson0_.lesson_name as lesson_n5_4_1_ from lesson listlesson0_ where listlesson0_.course_id=?
Hibernate: select listusers0_.lesson_id as lesson_i2_5_0_, listusers0_.user_id as user_id1_5_0_, user1_.user_id as user_id1_6_1_, user1_.address as address2_6_1_, user1_.email as email3_6_1_, user1_.fullname as fullname4_6_1_, user1_.password as password5_6_1_, user1_.phone as phone6_6_1_, user1_.status as status7_6_1_, user1_.user_type_id as user_typ9_6_1_, user1_.username as username8_6_1_, usertype2_.user_type_id as user_typ1_7_2_, usertype2_.type as type2_7_2_ from roll_up listusers0_ inner join user user1_ on listusers0_.user_id=user1_.user_id left outer join user_type usertype2_ on user1_.user_type_id=usertype2_.user_type_id where listusers0_.lesson_id=?
{"userId":"6","username":"student1","fullname":"A","status":"1","courses":[{"courseId":"1","courseName":"Traning Japanese","teacher":"TEACHER","startDate":"2019-05-20 00:00:00.0","endDate":"2019-06-20 00:00:00.0","numOfLesson":4,"lessons":[{"lessonName":"Bai 1","content":"null"}, {"lessonName":"Bai 2","content":"null"}, {"lessonName":"Bai 3","content":"null"}, {"lessonName":"Bai 4","content":"null"}],"fee":100.0}, {"courseId":"2","courseName":"All New Runner","teacher":"TEACHER","startDate":"2019-05-01 00:00:00.0","endDate":"2019-05-10 00:00:00.0","numOfLesson":15,"lessons":[],"fee":100.0}, {"courseId":"6","courseName":"ABC","teacher":"TEACHER","startDate":"2019-06-12 00:00:00.0","endDate":"2019-06-13 00:00:00.0","numOfLesson":0,"lessons":[],"fee":0.0}, {"courseId":"9","courseName":"TEST","teacher":"TEACHER","startDate":"2019-06-07 00:00:00.0","endDate":"2019-06-07 00:00:00.0","numOfLesson":5,"lessons":[{"lessonName":"ABC","content":"null"}],"fee":0.0}],"userType":{"userTypeId":"3","type":"student"},"lessons":[],"totalTime":0.0}
]]></system-out>
    <system-err><![CDATA[Jul 03, 2019 1:48:35 PM org.springframework.test.context.support.AbstractTestContextBootstrapper getDefaultTestExecutionListenerClassNames
INFO: Loaded default TestExecutionListener class names from location [META-INF/spring.factories]: [org.springframework.test.context.web.ServletTestExecutionListener, org.springframework.test.context.support.DirtiesContextBeforeModesTestExecutionListener, org.springframework.test.context.support.DependencyInjectionTestExecutionListener, org.springframework.test.context.support.DirtiesContextTestExecutionListener, org.springframework.test.context.transaction.TransactionalTestExecutionListener, org.springframework.test.context.jdbc.SqlScriptsTestExecutionListener]
Jul 03, 2019 1:48:35 PM org.springframework.test.context.support.AbstractTestContextBootstrapper getTestExecutionListeners
INFO: Using TestExecutionListeners: [org.springframework.test.context.web.ServletTestExecutionListener@1191029d, org.springframework.test.context.support.DirtiesContextBeforeModesTestExecutionListener@54b2d002, org.springframework.test.context.support.DependencyInjectionTestExecutionListener@1d1c63af, org.springframework.test.context.support.DirtiesContextTestExecutionListener@2095c331, org.springframework.test.context.transaction.TransactionalTestExecutionListener@3909a854, org.springframework.test.context.jdbc.SqlScriptsTestExecutionListener@7b795db7]
Jul 03, 2019 1:48:35 PM org.springframework.test.context.transaction.TransactionContext startTransaction
INFO: Began transaction (1) for test context [DefaultTestContext@774c5e5c testClass = StudentControllerTest, testInstance = controller.StudentControllerTest@4cf01c41, testMethod = createScheduleTest@StudentControllerTest, testException = [null], mergedContextConfiguration = [WebMergedContextConfiguration@57bac3f0 testClass = StudentControllerTest, locations = '{file:src/main/webapp/WEB-INF/spring-servlet.xml}', classes = '{}', contextInitializerClasses = '[]', activeProfiles = '{}', propertySourceLocations = '{}', propertySourceProperties = '{}', contextCustomizers = set[[empty]], resourceBasePath = 'src/main/webapp', contextLoader = 'org.springframework.test.context.web.WebDelegatingSmartContextLoader', parent = [null]], attributes = map['org.springframework.test.context.web.ServletTestExecutionListener.populatedRequestContextHolder' -> true, 'org.springframework.test.context.web.ServletTestExecutionListener.resetRequestContextHolder' -> true]]; transaction manager [org.springframework.orm.hibernate5.HibernateTransactionManager@68f776ee]; rollback [true]
Jul 03, 2019 1:48:35 PM org.springframework.web.servlet.handler.AbstractHandlerMethodMapping$MappingRegistry register
INFO: Mapped "{[/login],methods=[GET]}" onto public java.lang.String controller.LoginController.Default()
Jul 03, 2019 1:48:35 PM org.springframework.web.servlet.handler.AbstractHandlerMethodMapping$MappingRegistry register
INFO: Mapped "{[/login],methods=[POST]}" onto public java.lang.String controller.LoginController.login(org.springframework.ui.ModelMap,java.lang.String,java.lang.String)
Jul 03, 2019 1:48:35 PM org.springframework.web.servlet.handler.AbstractHandlerMethodMapping$MappingRegistry register
INFO: Mapped "{[/logout],methods=[GET]}" onto public java.lang.String controller.LoginController.logout(javax.servlet.http.HttpSession,org.springframework.web.bind.support.SessionStatus)
Jul 03, 2019 1:48:35 PM org.springframework.web.servlet.handler.AbstractHandlerMethodMapping$MappingRegistry register
INFO: Mapped "{[/submit-register],methods=[POST]}" onto public java.lang.String controller.LoginController.register(entities.User,org.springframework.validation.BindingResult,org.springframework.ui.ModelMap)
Jul 03, 2019 1:48:35 PM org.springframework.web.servlet.handler.AbstractHandlerMethodMapping$MappingRegistry register
INFO: Mapped "{[/register],methods=[GET]}" onto public org.springframework.web.servlet.ModelAndView controller.LoginController.register()
Jul 03, 2019 1:48:35 PM org.springframework.web.servlet.mvc.method.annotation.RequestMappingHandlerAdapter initControllerAdviceCache
INFO: Looking for @ControllerAdvice: org.springframework.test.web.servlet.setup.StubWebApplicationContext@55f6f965
Jul 03, 2019 1:48:35 PM org.springframework.mock.web.MockServletContext log
INFO: Initializing Spring FrameworkServlet ''
Jul 03, 2019 1:48:35 PM org.springframework.web.servlet.FrameworkServlet initServletBean
INFO: FrameworkServlet '': initialization started
Jul 03, 2019 1:48:35 PM org.springframework.web.servlet.FrameworkServlet initServletBean
INFO: FrameworkServlet '': initialization completed in 0 ms
Jul 03, 2019 1:48:35 PM org.springframework.web.servlet.handler.AbstractHandlerMethodMapping$MappingRegistry register
INFO: Mapped "{[/student],methods=[GET]}" onto public java.lang.String controller.StudentController.Default(javax.servlet.http.HttpSession)
Jul 03, 2019 1:48:35 PM org.springframework.web.servlet.handler.AbstractHandlerMethodMapping$MappingRegistry register
INFO: Mapped "{[/student/schedule],methods=[GET]}" onto public java.lang.String controller.StudentController.loadPageSchedule(javax.servlet.http.HttpSession)
Jul 03, 2019 1:48:35 PM org.springframework.web.servlet.handler.AbstractHandlerMethodMapping$MappingRegistry register
INFO: Mapped "{[/student/course],methods=[GET]}" onto public java.lang.String controller.StudentController.loadPageCourse(javax.servlet.http.HttpSession)
Jul 03, 2019 1:48:35 PM org.springframework.web.servlet.handler.AbstractHandlerMethodMapping$MappingRegistry register
INFO: Mapped "{[/api/load_course_of_student],methods=[GET]}" onto public java.lang.String controller.StudentController.loadCourseOfStudent(javax.servlet.http.HttpServletRequest,javax.servlet.http.HttpSession)
Jul 03, 2019 1:48:35 PM org.springframework.web.servlet.handler.AbstractHandlerMethodMapping$MappingRegistry register
INFO: Mapped "{[/api/search_course],methods=[GET]}" onto public java.lang.String controller.StudentController.searchCourse(javax.servlet.http.HttpServletRequest,javax.servlet.http.HttpSession)
Jul 03, 2019 1:48:35 PM org.springframework.web.servlet.handler.AbstractHandlerMethodMapping$MappingRegistry register
INFO: Mapped "{[/api/searchInUser],methods=[GET]}" onto public java.lang.String controller.StudentController.searchInuser(javax.servlet.http.HttpServletRequest,javax.servlet.http.HttpSession)
Jul 03, 2019 1:48:35 PM org.springframework.web.servlet.handler.AbstractHandlerMethodMapping$MappingRegistry register
INFO: Mapped "{[/api/load_schedule],methods=[GET]}" onto public java.lang.String controller.StudentController.loadSchedule(javax.servlet.http.HttpServletRequest,javax.servlet.http.HttpSession)
Jul 03, 2019 1:48:35 PM org.springframework.web.servlet.handler.AbstractHandlerMethodMapping$MappingRegistry register
INFO: Mapped "{[/api/load_course_short],methods=[GET]}" onto public java.lang.String controller.StudentController.loadCourseShort(javax.servlet.http.HttpServletRequest,javax.servlet.http.HttpSession)
Jul 03, 2019 1:48:35 PM org.springframework.web.servlet.handler.AbstractHandlerMethodMapping$MappingRegistry register
INFO: Mapped "{[/api/enroll],methods=[GET]}" onto public java.lang.String controller.StudentController.enroll(javax.servlet.http.HttpServletRequest,javax.servlet.http.HttpSession,javax.servlet.http.HttpServletResponse)
Jul 03, 2019 1:48:35 PM org.springframework.web.servlet.handler.AbstractHandlerMethodMapping$MappingRegistry register
INFO: Mapped "{[/api/show_course_detail],methods=[GET]}" onto public java.lang.String controller.StudentController.showDetailCourse(javax.servlet.http.HttpServletRequest,javax.servlet.http.HttpSession)
Jul 03, 2019 1:48:35 PM org.springframework.web.servlet.mvc.method.annotation.RequestMappingHandlerAdapter initControllerAdviceCache
INFO: Looking for @ControllerAdvice: org.springframework.test.web.servlet.setup.StubWebApplicationContext@45d38165
Jul 03, 2019 1:48:35 PM org.springframework.mock.web.MockServletContext log
INFO: Initializing Spring FrameworkServlet ''
Jul 03, 2019 1:48:35 PM org.springframework.web.servlet.FrameworkServlet initServletBean
INFO: FrameworkServlet '': initialization started
Jul 03, 2019 1:48:35 PM org.springframework.web.servlet.FrameworkServlet initServletBean
INFO: FrameworkServlet '': initialization completed in 0 ms
Jul 03, 2019 1:48:35 PM org.springframework.web.servlet.DispatcherServlet noHandlerFound
WARNING: No mapping found for HTTP request with URI [api/load_schedule] in DispatcherServlet with name ''
Jul 03, 2019 1:48:35 PM org.springframework.test.context.transaction.TransactionContext endTransaction
INFO: Rolled back transaction for test: [DefaultTestContext@774c5e5c testClass = StudentControllerTest, testInstance = controller.StudentControllerTest@4cf01c41, testMethod = createScheduleTest@StudentControllerTest, testException = java.lang.AssertionError: Status expected:<200> but was:<404>, mergedContextConfiguration = [WebMergedContextConfiguration@57bac3f0 testClass = StudentControllerTest, locations = '{file:src/main/webapp/WEB-INF/spring-servlet.xml}', classes = '{}', contextInitializerClasses = '[]', activeProfiles = '{}', propertySourceLocations = '{}', propertySourceProperties = '{}', contextCustomizers = set[[empty]], resourceBasePath = 'src/main/webapp', contextLoader = 'org.springframework.test.context.web.WebDelegatingSmartContextLoader', parent = [null]], attributes = map['org.springframework.test.context.web.ServletTestExecutionListener.populatedRequestContextHolder' -> true, 'org.springframework.test.context.web.ServletTestExecutionListener.resetRequestContextHolder' -> true]]
]]></system-err>
  </testcase>
</testsuite>